ERROR - 2023-10-02 09:57:40 --> Error connecting to the database: mysqli_sql_exception: No connection could be made because the target machine actively refused it in D:\laragon\www\laboratory3\system\Database\MySQLi\Connection.php:185
Stack trace:
#0 D:\laragon\www\laboratory3\system\Database\MySQLi\Connection.php(185): mysqli->real_connect('localhost', 'root', '', 'laboratory3', 3306, '', 0)
#1 D:\laragon\www\laboratory3\system\Database\BaseConnection.php(391): CodeIgniter\Database\MySQLi\Connection->connect(false)
#2 D:\laragon\www\laboratory3\system\Database\BaseConnection.php(574): CodeIgniter\Database\BaseConnection->initialize()
#3 D:\laragon\www\laboratory3\system\Database\BaseBuilder.php(1615): CodeIgniter\Database\BaseConnection->query('SELECT *\nFROM `...', Array, false)
#4 D:\laragon\www\laboratory3\system\Model.php(237): CodeIgniter\Database\BaseBuilder->get()
#5 D:\laragon\www\laboratory3\system\BaseModel.php(624): CodeIgniter\Model->doFindAll(0, 0)
#6 D:\laragon\www\laboratory3\app\Controllers\MainController.php(64): CodeIgniter\BaseModel->findAll()
#7 D:\laragon\www\laboratory3\system\CodeIgniter.php(919): App\Controllers\MainController->admin()
#8 D:\laragon\www\laboratory3\system\CodeIgniter.php(494): CodeIgniter\CodeIgniter->runController(Object(App\Controllers\MainController))
#9 D:\laragon\www\laboratory3\system\CodeIgniter.php(353): CodeIgniter\CodeIgniter->handleRequest(NULL, Object(Config\Cache), false)
#10 D:\laragon\www\laboratory3\public\index.php(79): CodeIgniter\CodeIgniter->run()
#11 D:\laragon\www\laboratory3\system\Commands\Server\rewrite.php(47): require_once('D:\\laragon\\www\\...')
#12 {main}

Next CodeIgniter\Database\Exceptions\DatabaseException: No connection could be made because the target machine actively refused it in D:\laragon\www\laboratory3\system\Database\MySQLi\Connection.php:229
Stack trace:
#0 D:\laragon\www\laboratory3\system\Database\BaseConnection.php(391): CodeIgniter\Database\MySQLi\Connection->connect(false)
#1 D:\laragon\www\laboratory3\system\Database\BaseConnection.php(574): CodeIgniter\Database\BaseConnection->initialize()
#2 D:\laragon\www\laboratory3\system\Database\BaseBuilder.php(1615): CodeIgniter\Database\BaseConnection->query('SELECT *\nFROM `...', Array, false)
#3 D:\laragon\www\laboratory3\system\Model.php(237): CodeIgniter\Database\BaseBuilder->get()
#4 D:\laragon\www\laboratory3\system\BaseModel.php(624): CodeIgniter\Model->doFindAll(0, 0)
#5 D:\laragon\www\laboratory3\app\Controllers\MainController.php(64): CodeIgniter\BaseModel->findAll()
#6 D:\laragon\www\laboratory3\system\CodeIgniter.php(919): App\Controllers\MainController->admin()
#7 D:\laragon\www\laboratory3\system\CodeIgniter.php(494): CodeIgniter\CodeIgniter->runController(Object(App\Controllers\MainController))
#8 D:\laragon\www\laboratory3\system\CodeIgniter.php(353): CodeIgniter\CodeIgniter->handleRequest(NULL, Object(Config\Cache), false)
#9 D:\laragon\www\laboratory3\public\index.php(79): CodeIgniter\CodeIgniter->run()
#10 D:\laragon\www\laboratory3\system\Commands\Server\rewrite.php(47): require_once('D:\\laragon\\www\\...')
#11 {main}
CRITICAL - 2023-10-02 09:57:40 --> Unable to connect to the database.
Main connection [MySQLi]: No connection could be made because the target machine actively refused it
in SYSTEMPATH\Database\BaseConnection.php on line 427.
 1 SYSTEMPATH\Database\BaseConnection.php(574): CodeIgniter\Database\BaseConnection->initialize()
 2 SYSTEMPATH\Database\BaseBuilder.php(1615): CodeIgniter\Database\BaseConnection->query('SELECT *
FROM `products`', [], false)
 3 SYSTEMPATH\Model.php(237): CodeIgniter\Database\BaseBuilder->get()
 4 SYSTEMPATH\BaseModel.php(624): CodeIgniter\Model->doFindAll(0, 0)
 5 APPPATH\Controllers\MainController.php(64): CodeIgniter\BaseModel->findAll()
 6 SYSTEMPATH\CodeIgniter.php(919): App\Controllers\MainController->admin()
 7 SYSTEMPATH\CodeIgniter.php(494): CodeIgniter\CodeIgniter->runController(Object(App\Controllers\MainController))
 8 SYSTEMPATH\CodeIgniter.php(353): CodeIgniter\CodeIgniter->handleRequest(null, Object(Config\Cache), false)
 9 FCPATH\index.php(79): CodeIgniter\CodeIgniter->run()
10 SYSTEMPATH\Commands\Server\rewrite.php(47): require_once('D:\\laragon\\www\\laboratory3\\public\\index.php')
CRITICAL - 2023-10-02 10:07:32 --> syntax error, unexpected variable "$productModel", expecting "function" or "const"
in APPPATH\Controllers\MainController.php on line 56.
 1 SYSTEMPATH\Autoloader\Autoloader.php(285): CodeIgniter\Autoloader\Autoloader->includeFile('D:\\laragon\\www\\laboratory3\\app\\Controllers\\MainController.php')
 2 SYSTEMPATH\Autoloader\Autoloader.php(263): CodeIgniter\Autoloader\Autoloader->loadInNamespace('App\\Controllers\\MainController')
 3 [internal function]: CodeIgniter\Autoloader\Autoloader->loadClass('App\\Controllers\\MainController')
 4 SYSTEMPATH\CodeIgniter.php(877): class_exists('\\App\\Controllers\\MainController', true)
 5 SYSTEMPATH\CodeIgniter.php(481): CodeIgniter\CodeIgniter->startController()
 6 SYSTEMPATH\CodeIgniter.php(353): CodeIgniter\CodeIgniter->handleRequest(null, Object(Config\Cache), false)
 7 FCPATH\index.php(79): CodeIgniter\CodeIgniter->run()
 8 SYSTEMPATH\Commands\Server\rewrite.php(47): require_once('D:\\laragon\\www\\laboratory3\\public\\index.php')
CRITICAL - 2023-10-02 10:26:03 --> Invalid file: "AddProducts.php"
in SYSTEMPATH\Exceptions\FrameworkException.php on line 39.
 1 SYSTEMPATH\View\View.php(214): CodeIgniter\Exceptions\FrameworkException::forInvalidFile('AddProducts.php')
 2 SYSTEMPATH\Common.php(1188): CodeIgniter\View\View->render('AddProducts', [], true)
 3 APPPATH\Controllers\MainController.php(22): view('AddProducts', [...])
 4 SYSTEMPATH\CodeIgniter.php(919): App\Controllers\MainController->editProduct()
 5 SYSTEMPATH\CodeIgniter.php(494): CodeIgniter\CodeIgniter->runController(Object(App\Controllers\MainController))
 6 SYSTEMPATH\CodeIgniter.php(353): CodeIgniter\CodeIgniter->handleRequest(null, Object(Config\Cache), false)
 7 FCPATH\index.php(79): CodeIgniter\CodeIgniter->run()
 8 SYSTEMPATH\Commands\Server\rewrite.php(47): require_once('D:\\laragon\\www\\laboratory3\\public\\index.php')
CRITICAL - 2023-10-02 10:26:24 --> Invalid file: "AddProduct.php"
in SYSTEMPATH\Exceptions\FrameworkException.php on line 39.
 1 SYSTEMPATH\View\View.php(214): CodeIgniter\Exceptions\FrameworkException::forInvalidFile('AddProduct.php')
 2 SYSTEMPATH\Common.php(1188): CodeIgniter\View\View->render('AddProduct', [], true)
 3 APPPATH\Controllers\MainController.php(22): view('AddProduct', [...])
 4 SYSTEMPATH\CodeIgniter.php(919): App\Controllers\MainController->editProduct()
 5 SYSTEMPATH\CodeIgniter.php(494): CodeIgniter\CodeIgniter->runController(Object(App\Controllers\MainController))
 6 SYSTEMPATH\CodeIgniter.php(353): CodeIgniter\CodeIgniter->handleRequest(null, Object(Config\Cache), false)
 7 FCPATH\index.php(79): CodeIgniter\CodeIgniter->run()
 8 SYSTEMPATH\Commands\Server\rewrite.php(47): require_once('D:\\laragon\\www\\laboratory3\\public\\index.php')
CRITICAL - 2023-10-02 10:26:26 --> Invalid file: "AddProduct.php"
in SYSTEMPATH\Exceptions\FrameworkException.php on line 39.
 1 SYSTEMPATH\View\View.php(214): CodeIgniter\Exceptions\FrameworkException::forInvalidFile('AddProduct.php')
 2 SYSTEMPATH\Common.php(1188): CodeIgniter\View\View->render('AddProduct', [], true)
 3 APPPATH\Controllers\MainController.php(22): view('AddProduct', [...])
 4 SYSTEMPATH\CodeIgniter.php(919): App\Controllers\MainController->editProduct()
 5 SYSTEMPATH\CodeIgniter.php(494): CodeIgniter\CodeIgniter->runController(Object(App\Controllers\MainController))
 6 SYSTEMPATH\CodeIgniter.php(353): CodeIgniter\CodeIgniter->handleRequest(null, Object(Config\Cache), false)
 7 FCPATH\index.php(79): CodeIgniter\CodeIgniter->run()
 8 SYSTEMPATH\Commands\Server\rewrite.php(47): require_once('D:\\laragon\\www\\laboratory3\\public\\index.php')
CRITICAL - 2023-10-02 10:37:08 --> Class "App\Controllers\ProductModel" not found
in APPPATH\Controllers\MainController.php on line 15.
 1 SYSTEMPATH\CodeIgniter.php(919): App\Controllers\MainController->delete('5')
 2 SYSTEMPATH\CodeIgniter.php(494): CodeIgniter\CodeIgniter->runController(Object(App\Controllers\MainController))
 3 SYSTEMPATH\CodeIgniter.php(353): CodeIgniter\CodeIgniter->handleRequest(null, Object(Config\Cache), false)
 4 FCPATH\index.php(79): CodeIgniter\CodeIgniter->run()
 5 SYSTEMPATH\Commands\Server\rewrite.php(47): require_once('D:\\laragon\\www\\laboratory3\\public\\index.php')
CRITICAL - 2023-10-02 12:31:48 --> Undefined variable $users
in APPPATH\Views\include\ManageUser.php on line 22.
 1 APPPATH\Views\include\ManageUser.php(22): CodeIgniter\Debug\Exceptions->errorHandler(2, 'Undefined variable $users', 'D:\\laragon\\www\\laboratory3\\app\\Views\\include\\ManageUser.php', 22)
 2 SYSTEMPATH\View\View.php(226): include('D:\\laragon\\www\\laboratory3\\app\\Views\\include\\ManageUser.php')
 3 SYSTEMPATH\View\View.php(229): CodeIgniter\View\View->CodeIgniter\View\{closure}()
 4 SYSTEMPATH\Common.php(1188): CodeIgniter\View\View->render('include/ManageUser', [], true)
 5 APPPATH\Controllers\MainController.php(123): view('include/ManageUser', [...])
 6 SYSTEMPATH\CodeIgniter.php(919): App\Controllers\MainController->displayuser()
 7 SYSTEMPATH\CodeIgniter.php(494): CodeIgniter\CodeIgniter->runController(Object(App\Controllers\MainController))
 8 SYSTEMPATH\CodeIgniter.php(353): CodeIgniter\CodeIgniter->handleRequest(null, Object(Config\Cache), false)
 9 FCPATH\index.php(79): CodeIgniter\CodeIgniter->run()
10 SYSTEMPATH\Commands\Server\rewrite.php(47): require_once('D:\\laragon\\www\\laboratory3\\public\\index.php')
CRITICAL - 2023-10-02 12:33:12 --> Undefined variable $users
in APPPATH\Views\include\ManageUser.php on line 22.
 1 APPPATH\Views\include\ManageUser.php(22): CodeIgniter\Debug\Exceptions->errorHandler(2, 'Undefined variable $users', 'D:\\laragon\\www\\laboratory3\\app\\Views\\include\\ManageUser.php', 22)
 2 SYSTEMPATH\View\View.php(226): include('D:\\laragon\\www\\laboratory3\\app\\Views\\include\\ManageUser.php')
 3 SYSTEMPATH\View\View.php(229): CodeIgniter\View\View->CodeIgniter\View\{closure}()
 4 SYSTEMPATH\Common.php(1188): CodeIgniter\View\View->render('include/ManageUser', [], true)
 5 APPPATH\Controllers\MainController.php(131): view('include/ManageUser', [...])
 6 SYSTEMPATH\CodeIgniter.php(919): App\Controllers\MainController->displayuser()
 7 SYSTEMPATH\CodeIgniter.php(494): CodeIgniter\CodeIgniter->runController(Object(App\Controllers\MainController))
 8 SYSTEMPATH\CodeIgniter.php(353): CodeIgniter\CodeIgniter->handleRequest(null, Object(Config\Cache), false)
 9 FCPATH\index.php(79): CodeIgniter\CodeIgniter->run()
10 SYSTEMPATH\Commands\Server\rewrite.php(47): require_once('D:\\laragon\\www\\laboratory3\\public\\index.php')
CRITICAL - 2023-10-02 12:36:46 --> Undefined variable $users
in APPPATH\Views\include\ManageUser.php on line 22.
 1 APPPATH\Views\include\ManageUser.php(22): CodeIgniter\Debug\Exceptions->errorHandler(2, 'Undefined variable $users', 'D:\\laragon\\www\\laboratory3\\app\\Views\\include\\ManageUser.php', 22)
 2 SYSTEMPATH\View\View.php(226): include('D:\\laragon\\www\\laboratory3\\app\\Views\\include\\ManageUser.php')
 3 SYSTEMPATH\View\View.php(229): CodeIgniter\View\View->CodeIgniter\View\{closure}()
 4 SYSTEMPATH\Common.php(1188): CodeIgniter\View\View->render('include/ManageUser', [], true)
 5 APPPATH\Controllers\MainController.php(136): view('include/ManageUser', [...])
 6 SYSTEMPATH\CodeIgniter.php(919): App\Controllers\MainController->displayuser()
 7 SYSTEMPATH\CodeIgniter.php(494): CodeIgniter\CodeIgniter->runController(Object(App\Controllers\MainController))
 8 SYSTEMPATH\CodeIgniter.php(353): CodeIgniter\CodeIgniter->handleRequest(null, Object(Config\Cache), false)
 9 FCPATH\index.php(79): CodeIgniter\CodeIgniter->run()
10 SYSTEMPATH\Commands\Server\rewrite.php(47): require_once('D:\\laragon\\www\\laboratory3\\public\\index.php')
CRITICAL - 2023-10-02 12:38:24 --> Undefined variable $users
in APPPATH\Views\include\ManageUser.php on line 22.
 1 APPPATH\Views\include\ManageUser.php(22): CodeIgniter\Debug\Exceptions->errorHandler(2, 'Undefined variable $users', 'D:\\laragon\\www\\laboratory3\\app\\Views\\include\\ManageUser.php', 22)
 2 SYSTEMPATH\View\View.php(226): include('D:\\laragon\\www\\laboratory3\\app\\Views\\include\\ManageUser.php')
 3 SYSTEMPATH\View\View.php(229): CodeIgniter\View\View->CodeIgniter\View\{closure}()
 4 SYSTEMPATH\Common.php(1188): CodeIgniter\View\View->render('include/ManageUser', [], true)
 5 APPPATH\Controllers\MainController.php(136): view('include/ManageUser', [...])
 6 SYSTEMPATH\CodeIgniter.php(919): App\Controllers\MainController->displayuser()
 7 SYSTEMPATH\CodeIgniter.php(494): CodeIgniter\CodeIgniter->runController(Object(App\Controllers\MainController))
 8 SYSTEMPATH\CodeIgniter.php(353): CodeIgniter\CodeIgniter->handleRequest(null, Object(Config\Cache), false)
 9 FCPATH\index.php(79): CodeIgniter\CodeIgniter->run()
10 SYSTEMPATH\Commands\Server\rewrite.php(47): require_once('D:\\laragon\\www\\laboratory3\\public\\index.php')
CRITICAL - 2023-10-02 12:54:43 --> Undefined variable $products
in APPPATH\Views\include\products.php on line 14.
 1 APPPATH\Views\include\products.php(14): CodeIgniter\Debug\Exceptions->errorHandler(2, 'Undefined variable $products', 'D:\\laragon\\www\\laboratory3\\app\\Views\\include\\products.php', 14)
 2 SYSTEMPATH\View\View.php(226): include('D:\\laragon\\www\\laboratory3\\app\\Views\\include\\products.php')
 3 SYSTEMPATH\View\View.php(229): CodeIgniter\View\View->CodeIgniter\View\{closure}()
 4 SYSTEMPATH\View\View.php(467): CodeIgniter\View\View->render('include/products', null, true)
 5 APPPATH\Views\index.php(5): CodeIgniter\View\View->include('include/products')
 6 SYSTEMPATH\View\View.php(226): include('D:\\laragon\\www\\laboratory3\\app\\Views\\index.php')
 7 SYSTEMPATH\View\View.php(229): CodeIgniter\View\View->CodeIgniter\View\{closure}()
 8 SYSTEMPATH\Common.php(1188): CodeIgniter\View\View->render('index', [], true)
 9 APPPATH\Controllers\MainController.php(170): view('index')
10 SYSTEMPATH\CodeIgniter.php(919): App\Controllers\MainController->login()
11 SYSTEMPATH\CodeIgniter.php(494): CodeIgniter\CodeIgniter->runController(Object(App\Controllers\MainController))
12 SYSTEMPATH\CodeIgniter.php(353): CodeIgniter\CodeIgniter->handleRequest(null, Object(Config\Cache), false)
13 FCPATH\index.php(79): CodeIgniter\CodeIgniter->run()
14 SYSTEMPATH\Commands\Server\rewrite.php(47): require_once('D:\\laragon\\www\\laboratory3\\public\\index.php')
CRITICAL - 2023-10-02 12:56:42 --> Undefined variable $products
in APPPATH\Views\include\products.php on line 14.
 1 APPPATH\Views\include\products.php(14): CodeIgniter\Debug\Exceptions->errorHandler(2, 'Undefined variable $products', 'D:\\laragon\\www\\laboratory3\\app\\Views\\include\\products.php', 14)
 2 SYSTEMPATH\View\View.php(226): include('D:\\laragon\\www\\laboratory3\\app\\Views\\include\\products.php')
 3 SYSTEMPATH\View\View.php(229): CodeIgniter\View\View->CodeIgniter\View\{closure}()
 4 SYSTEMPATH\View\View.php(467): CodeIgniter\View\View->render('include/products', null, true)
 5 APPPATH\Views\index.php(5): CodeIgniter\View\View->include('include/products')
 6 SYSTEMPATH\View\View.php(226): include('D:\\laragon\\www\\laboratory3\\app\\Views\\index.php')
 7 SYSTEMPATH\View\View.php(229): CodeIgniter\View\View->CodeIgniter\View\{closure}()
 8 SYSTEMPATH\Common.php(1188): CodeIgniter\View\View->render('index', [], true)
 9 APPPATH\Controllers\MainController.php(170): view('index')
10 SYSTEMPATH\CodeIgniter.php(919): App\Controllers\MainController->login()
11 SYSTEMPATH\CodeIgniter.php(494): CodeIgniter\CodeIgniter->runController(Object(App\Controllers\MainController))
12 SYSTEMPATH\CodeIgniter.php(353): CodeIgniter\CodeIgniter->handleRequest(null, Object(Config\Cache), false)
13 FCPATH\index.php(79): CodeIgniter\CodeIgniter->run()
14 SYSTEMPATH\Commands\Server\rewrite.php(47): require_once('D:\\laragon\\www\\laboratory3\\public\\index.php')
CRITICAL - 2023-10-02 12:57:21 --> Undefined variable $products
in APPPATH\Views\include\products.php on line 14.
 1 APPPATH\Views\include\products.php(14): CodeIgniter\Debug\Exceptions->errorHandler(2, 'Undefined variable $products', 'D:\\laragon\\www\\laboratory3\\app\\Views\\include\\products.php', 14)
 2 SYSTEMPATH\View\View.php(226): include('D:\\laragon\\www\\laboratory3\\app\\Views\\include\\products.php')
 3 SYSTEMPATH\View\View.php(229): CodeIgniter\View\View->CodeIgniter\View\{closure}()
 4 SYSTEMPATH\View\View.php(467): CodeIgniter\View\View->render('include/products', null, true)
 5 APPPATH\Views\index.php(5): CodeIgniter\View\View->include('include/products')
 6 SYSTEMPATH\View\View.php(226): include('D:\\laragon\\www\\laboratory3\\app\\Views\\index.php')
 7 SYSTEMPATH\View\View.php(229): CodeIgniter\View\View->CodeIgniter\View\{closure}()
 8 SYSTEMPATH\Common.php(1188): CodeIgniter\View\View->render('index', [], true)
 9 APPPATH\Controllers\MainController.php(174): view('index')
10 SYSTEMPATH\CodeIgniter.php(919): App\Controllers\MainController->login()
11 SYSTEMPATH\CodeIgniter.php(494): CodeIgniter\CodeIgniter->runController(Object(App\Controllers\MainController))
12 SYSTEMPATH\CodeIgniter.php(353): CodeIgniter\CodeIgniter->handleRequest(null, Object(Config\Cache), false)
13 FCPATH\index.php(79): CodeIgniter\CodeIgniter->run()
14 SYSTEMPATH\Commands\Server\rewrite.php(47): require_once('D:\\laragon\\www\\laboratory3\\public\\index.php')
CRITICAL - 2023-10-02 12:57:37 --> Undefined variable $products
in APPPATH\Views\include\products.php on line 14.
 1 APPPATH\Views\include\products.php(14): CodeIgniter\Debug\Exceptions->errorHandler(2, 'Undefined variable $products', 'D:\\laragon\\www\\laboratory3\\app\\Views\\include\\products.php', 14)
 2 SYSTEMPATH\View\View.php(226): include('D:\\laragon\\www\\laboratory3\\app\\Views\\include\\products.php')
 3 SYSTEMPATH\View\View.php(229): CodeIgniter\View\View->CodeIgniter\View\{closure}()
 4 SYSTEMPATH\View\View.php(467): CodeIgniter\View\View->render('include/products', null, true)
 5 APPPATH\Views\index.php(5): CodeIgniter\View\View->include('include/products')
 6 SYSTEMPATH\View\View.php(226): include('D:\\laragon\\www\\laboratory3\\app\\Views\\index.php')
 7 SYSTEMPATH\View\View.php(229): CodeIgniter\View\View->CodeIgniter\View\{closure}()
 8 SYSTEMPATH\Common.php(1188): CodeIgniter\View\View->render('index', [], true)
 9 APPPATH\Controllers\MainController.php(174): view('index')
10 SYSTEMPATH\CodeIgniter.php(919): App\Controllers\MainController->login()
11 SYSTEMPATH\CodeIgniter.php(494): CodeIgniter\CodeIgniter->runController(Object(App\Controllers\MainController))
12 SYSTEMPATH\CodeIgniter.php(353): CodeIgniter\CodeIgniter->handleRequest(null, Object(Config\Cache), false)
13 FCPATH\index.php(79): CodeIgniter\CodeIgniter->run()
14 SYSTEMPATH\Commands\Server\rewrite.php(47): require_once('D:\\laragon\\www\\laboratory3\\public\\index.php')
CRITICAL - 2023-10-02 12:59:40 --> Undefined variable $products
in APPPATH\Views\include\products.php on line 14.
 1 APPPATH\Views\include\products.php(14): CodeIgniter\Debug\Exceptions->errorHandler(2, 'Undefined variable $products', 'D:\\laragon\\www\\laboratory3\\app\\Views\\include\\products.php', 14)
 2 SYSTEMPATH\View\View.php(226): include('D:\\laragon\\www\\laboratory3\\app\\Views\\include\\products.php')
 3 SYSTEMPATH\View\View.php(229): CodeIgniter\View\View->CodeIgniter\View\{closure}()
 4 SYSTEMPATH\View\View.php(467): CodeIgniter\View\View->render('include/products', null, true)
 5 APPPATH\Views\index.php(5): CodeIgniter\View\View->include('include/products')
 6 SYSTEMPATH\View\View.php(226): include('D:\\laragon\\www\\laboratory3\\app\\Views\\index.php')
 7 SYSTEMPATH\View\View.php(229): CodeIgniter\View\View->CodeIgniter\View\{closure}()
 8 SYSTEMPATH\Common.php(1188): CodeIgniter\View\View->render('index', [], true)
 9 APPPATH\Controllers\MainController.php(174): view('index')
10 SYSTEMPATH\CodeIgniter.php(919): App\Controllers\MainController->login()
11 SYSTEMPATH\CodeIgniter.php(494): CodeIgniter\CodeIgniter->runController(Object(App\Controllers\MainController))
12 SYSTEMPATH\CodeIgniter.php(353): CodeIgniter\CodeIgniter->handleRequest(null, Object(Config\Cache), false)
13 FCPATH\index.php(79): CodeIgniter\CodeIgniter->run()
14 SYSTEMPATH\Commands\Server\rewrite.php(47): require_once('D:\\laragon\\www\\laboratory3\\public\\index.php')
CRITICAL - 2023-10-02 13:01:53 --> Undefined variable $products
in APPPATH\Views\include\products.php on line 14.
 1 APPPATH\Views\include\products.php(14): CodeIgniter\Debug\Exceptions->errorHandler(2, 'Undefined variable $products', 'D:\\laragon\\www\\laboratory3\\app\\Views\\include\\products.php', 14)
 2 SYSTEMPATH\View\View.php(226): include('D:\\laragon\\www\\laboratory3\\app\\Views\\include\\products.php')
 3 SYSTEMPATH\View\View.php(229): CodeIgniter\View\View->CodeIgniter\View\{closure}()
 4 SYSTEMPATH\View\View.php(467): CodeIgniter\View\View->render('include/products', null, true)
 5 APPPATH\Views\index.php(5): CodeIgniter\View\View->include('include/products')
 6 SYSTEMPATH\View\View.php(226): include('D:\\laragon\\www\\laboratory3\\app\\Views\\index.php')
 7 SYSTEMPATH\View\View.php(229): CodeIgniter\View\View->CodeIgniter\View\{closure}()
 8 SYSTEMPATH\Common.php(1188): CodeIgniter\View\View->render('index', [], true)
 9 APPPATH\Controllers\MainController.php(174): view('index')
10 SYSTEMPATH\CodeIgniter.php(919): App\Controllers\MainController->login()
11 SYSTEMPATH\CodeIgniter.php(494): CodeIgniter\CodeIgniter->runController(Object(App\Controllers\MainController))
12 SYSTEMPATH\CodeIgniter.php(353): CodeIgniter\CodeIgniter->handleRequest(null, Object(Config\Cache), false)
13 FCPATH\index.php(79): CodeIgniter\CodeIgniter->run()
14 SYSTEMPATH\Commands\Server\rewrite.php(47): require_once('D:\\laragon\\www\\laboratory3\\public\\index.php')
CRITICAL - 2023-10-02 13:03:21 --> Undefined variable $products
in APPPATH\Views\include\products.php on line 14.
 1 APPPATH\Views\include\products.php(14): CodeIgniter\Debug\Exceptions->errorHandler(2, 'Undefined variable $products', 'D:\\laragon\\www\\laboratory3\\app\\Views\\include\\products.php', 14)
 2 SYSTEMPATH\View\View.php(226): include('D:\\laragon\\www\\laboratory3\\app\\Views\\include\\products.php')
 3 SYSTEMPATH\View\View.php(229): CodeIgniter\View\View->CodeIgniter\View\{closure}()
 4 SYSTEMPATH\View\View.php(467): CodeIgniter\View\View->render('include/products', null, true)
 5 APPPATH\Views\index.php(5): CodeIgniter\View\View->include('include/products')
 6 SYSTEMPATH\View\View.php(226): include('D:\\laragon\\www\\laboratory3\\app\\Views\\index.php')
 7 SYSTEMPATH\View\View.php(229): CodeIgniter\View\View->CodeIgniter\View\{closure}()
 8 SYSTEMPATH\Common.php(1188): CodeIgniter\View\View->render('index', [], true)
 9 APPPATH\Controllers\MainController.php(174): view('index')
10 SYSTEMPATH\CodeIgniter.php(919): App\Controllers\MainController->login()
11 SYSTEMPATH\CodeIgniter.php(494): CodeIgniter\CodeIgniter->runController(Object(App\Controllers\MainController))
12 SYSTEMPATH\CodeIgniter.php(353): CodeIgniter\CodeIgniter->handleRequest(null, Object(Config\Cache), false)
13 FCPATH\index.php(79): CodeIgniter\CodeIgniter->run()
14 SYSTEMPATH\Commands\Server\rewrite.php(47): require_once('D:\\laragon\\www\\laboratory3\\public\\index.php')
CRITICAL - 2023-10-02 13:08:50 --> Undefined variable $products
in APPPATH\Views\index.php on line 17.
 1 APPPATH\Views\index.php(17): CodeIgniter\Debug\Exceptions->errorHandler(2, 'Undefined variable $products', 'D:\\laragon\\www\\laboratory3\\app\\Views\\index.php', 17)
 2 SYSTEMPATH\View\View.php(226): include('D:\\laragon\\www\\laboratory3\\app\\Views\\index.php')
 3 SYSTEMPATH\View\View.php(229): CodeIgniter\View\View->CodeIgniter\View\{closure}()
 4 SYSTEMPATH\Common.php(1188): CodeIgniter\View\View->render('index', [], true)
 5 APPPATH\Controllers\MainController.php(187): view('index')
 6 SYSTEMPATH\CodeIgniter.php(919): App\Controllers\MainController->login()
 7 SYSTEMPATH\CodeIgniter.php(494): CodeIgniter\CodeIgniter->runController(Object(App\Controllers\MainController))
 8 SYSTEMPATH\CodeIgniter.php(353): CodeIgniter\CodeIgniter->handleRequest(null, Object(Config\Cache), false)
 9 FCPATH\index.php(79): CodeIgniter\CodeIgniter->run()
10 SYSTEMPATH\Commands\Server\rewrite.php(47): require_once('D:\\laragon\\www\\laboratory3\\public\\index.php')
CRITICAL - 2023-10-02 13:09:58 --> Undefined variable $products
in APPPATH\Views\include\products.php on line 14.
 1 APPPATH\Views\include\products.php(14): CodeIgniter\Debug\Exceptions->errorHandler(2, 'Undefined variable $products', 'D:\\laragon\\www\\laboratory3\\app\\Views\\include\\products.php', 14)
 2 SYSTEMPATH\View\View.php(226): include('D:\\laragon\\www\\laboratory3\\app\\Views\\include\\products.php')
 3 SYSTEMPATH\View\View.php(229): CodeIgniter\View\View->CodeIgniter\View\{closure}()
 4 SYSTEMPATH\View\View.php(467): CodeIgniter\View\View->render('include/products', null, true)
 5 APPPATH\Views\index.php(5): CodeIgniter\View\View->include('include/products')
 6 SYSTEMPATH\View\View.php(226): include('D:\\laragon\\www\\laboratory3\\app\\Views\\index.php')
 7 SYSTEMPATH\View\View.php(229): CodeIgniter\View\View->CodeIgniter\View\{closure}()
 8 SYSTEMPATH\Common.php(1188): CodeIgniter\View\View->render('index', [], true)
 9 APPPATH\Controllers\MainController.php(187): view('index')
10 SYSTEMPATH\CodeIgniter.php(919): App\Controllers\MainController->login()
11 SYSTEMPATH\CodeIgniter.php(494): CodeIgniter\CodeIgniter->runController(Object(App\Controllers\MainController))
12 SYSTEMPATH\CodeIgniter.php(353): CodeIgniter\CodeIgniter->handleRequest(null, Object(Config\Cache), false)
13 FCPATH\index.php(79): CodeIgniter\CodeIgniter->run()
14 SYSTEMPATH\Commands\Server\rewrite.php(47): require_once('D:\\laragon\\www\\laboratory3\\public\\index.php')
CRITICAL - 2023-10-02 13:13:27 --> Undefined variable $products
in APPPATH\Views\include\products.php on line 14.
 1 APPPATH\Views\include\products.php(14): CodeIgniter\Debug\Exceptions->errorHandler(2, 'Undefined variable $products', 'D:\\laragon\\www\\laboratory3\\app\\Views\\include\\products.php', 14)
 2 SYSTEMPATH\View\View.php(226): include('D:\\laragon\\www\\laboratory3\\app\\Views\\include\\products.php')
 3 SYSTEMPATH\View\View.php(229): CodeIgniter\View\View->CodeIgniter\View\{closure}()
 4 SYSTEMPATH\View\View.php(467): CodeIgniter\View\View->render('include/products', null, true)
 5 APPPATH\Views\index.php(5): CodeIgniter\View\View->include('include/products')
 6 SYSTEMPATH\View\View.php(226): include('D:\\laragon\\www\\laboratory3\\app\\Views\\index.php')
 7 SYSTEMPATH\View\View.php(229): CodeIgniter\View\View->CodeIgniter\View\{closure}()
 8 SYSTEMPATH\Common.php(1188): CodeIgniter\View\View->render('index', [], true)
 9 APPPATH\Controllers\MainController.php(174): view('index')
10 SYSTEMPATH\CodeIgniter.php(919): App\Controllers\MainController->login()
11 SYSTEMPATH\CodeIgniter.php(494): CodeIgniter\CodeIgniter->runController(Object(App\Controllers\MainController))
12 SYSTEMPATH\CodeIgniter.php(353): CodeIgniter\CodeIgniter->handleRequest(null, Object(Config\Cache), false)
13 FCPATH\index.php(79): CodeIgniter\CodeIgniter->run()
14 SYSTEMPATH\Commands\Server\rewrite.php(47): require_once('D:\\laragon\\www\\laboratory3\\public\\index.php')
CRITICAL - 2023-10-02 13:14:35 --> Undefined variable $products
in APPPATH\Views\include\products.php on line 14.
 1 APPPATH\Views\include\products.php(14): CodeIgniter\Debug\Exceptions->errorHandler(2, 'Undefined variable $products', 'D:\\laragon\\www\\laboratory3\\app\\Views\\include\\products.php', 14)
 2 SYSTEMPATH\View\View.php(226): include('D:\\laragon\\www\\laboratory3\\app\\Views\\include\\products.php')
 3 SYSTEMPATH\View\View.php(229): CodeIgniter\View\View->CodeIgniter\View\{closure}()
 4 SYSTEMPATH\View\View.php(467): CodeIgniter\View\View->render('include/products', null, true)
 5 APPPATH\Views\index.php(5): CodeIgniter\View\View->include('include/products')
 6 SYSTEMPATH\View\View.php(226): include('D:\\laragon\\www\\laboratory3\\app\\Views\\index.php')
 7 SYSTEMPATH\View\View.php(229): CodeIgniter\View\View->CodeIgniter\View\{closure}()
 8 SYSTEMPATH\Common.php(1188): CodeIgniter\View\View->render('index', [], true)
 9 APPPATH\Controllers\MainController.php(174): view('index')
10 SYSTEMPATH\CodeIgniter.php(919): App\Controllers\MainController->login()
11 SYSTEMPATH\CodeIgniter.php(494): CodeIgniter\CodeIgniter->runController(Object(App\Controllers\MainController))
12 SYSTEMPATH\CodeIgniter.php(353): CodeIgniter\CodeIgniter->handleRequest(null, Object(Config\Cache), false)
13 FCPATH\index.php(79): CodeIgniter\CodeIgniter->run()
14 SYSTEMPATH\Commands\Server\rewrite.php(47): require_once('D:\\laragon\\www\\laboratory3\\public\\index.php')
CRITICAL - 2023-10-02 13:15:33 --> Invalid file: "products.php"
in SYSTEMPATH\Exceptions\FrameworkException.php on line 39.
 1 SYSTEMPATH\View\View.php(214): CodeIgniter\Exceptions\FrameworkException::forInvalidFile('products.php')
 2 SYSTEMPATH\Common.php(1188): CodeIgniter\View\View->render('products', [], true)
 3 APPPATH\Controllers\MainController.php(174): view('products')
 4 SYSTEMPATH\CodeIgniter.php(919): App\Controllers\MainController->login()
 5 SYSTEMPATH\CodeIgniter.php(494): CodeIgniter\CodeIgniter->runController(Object(App\Controllers\MainController))
 6 SYSTEMPATH\CodeIgniter.php(353): CodeIgniter\CodeIgniter->handleRequest(null, Object(Config\Cache), false)
 7 FCPATH\index.php(79): CodeIgniter\CodeIgniter->run()
 8 SYSTEMPATH\Commands\Server\rewrite.php(47): require_once('D:\\laragon\\www\\laboratory3\\public\\index.php')
CRITICAL - 2023-10-02 13:15:45 --> Undefined variable $products
in APPPATH\Views\include\products.php on line 14.
 1 APPPATH\Views\include\products.php(14): CodeIgniter\Debug\Exceptions->errorHandler(2, 'Undefined variable $products', 'D:\\laragon\\www\\laboratory3\\app\\Views\\include\\products.php', 14)
 2 SYSTEMPATH\View\View.php(226): include('D:\\laragon\\www\\laboratory3\\app\\Views\\include\\products.php')
 3 SYSTEMPATH\View\View.php(229): CodeIgniter\View\View->CodeIgniter\View\{closure}()
 4 SYSTEMPATH\Common.php(1188): CodeIgniter\View\View->render('include/products', [], true)
 5 APPPATH\Controllers\MainController.php(174): view('include/products')
 6 SYSTEMPATH\CodeIgniter.php(919): App\Controllers\MainController->login()
 7 SYSTEMPATH\CodeIgniter.php(494): CodeIgniter\CodeIgniter->runController(Object(App\Controllers\MainController))
 8 SYSTEMPATH\CodeIgniter.php(353): CodeIgniter\CodeIgniter->handleRequest(null, Object(Config\Cache), false)
 9 FCPATH\index.php(79): CodeIgniter\CodeIgniter->run()
10 SYSTEMPATH\Commands\Server\rewrite.php(47): require_once('D:\\laragon\\www\\laboratory3\\public\\index.php')
CRITICAL - 2023-10-02 13:16:09 --> Undefined variable $products
in APPPATH\Views\include\products.php on line 14.
 1 APPPATH\Views\include\products.php(14): CodeIgniter\Debug\Exceptions->errorHandler(2, 'Undefined variable $products', 'D:\\laragon\\www\\laboratory3\\app\\Views\\include\\products.php', 14)
 2 SYSTEMPATH\View\View.php(226): include('D:\\laragon\\www\\laboratory3\\app\\Views\\include\\products.php')
 3 SYSTEMPATH\View\View.php(229): CodeIgniter\View\View->CodeIgniter\View\{closure}()
 4 SYSTEMPATH\Common.php(1188): CodeIgniter\View\View->render('include/products', [], true)
 5 APPPATH\Controllers\MainController.php(174): view('include/products')
 6 SYSTEMPATH\CodeIgniter.php(919): App\Controllers\MainController->login()
 7 SYSTEMPATH\CodeIgniter.php(494): CodeIgniter\CodeIgniter->runController(Object(App\Controllers\MainController))
 8 SYSTEMPATH\CodeIgniter.php(353): CodeIgniter\CodeIgniter->handleRequest(null, Object(Config\Cache), false)
 9 FCPATH\index.php(79): CodeIgniter\CodeIgniter->run()
10 SYSTEMPATH\Commands\Server\rewrite.php(47): require_once('D:\\laragon\\www\\laboratory3\\public\\index.php')
CRITICAL - 2023-10-02 13:16:16 --> Undefined variable $products
in APPPATH\Views\include\products.php on line 14.
 1 APPPATH\Views\include\products.php(14): CodeIgniter\Debug\Exceptions->errorHandler(2, 'Undefined variable $products', 'D:\\laragon\\www\\laboratory3\\app\\Views\\include\\products.php', 14)
 2 SYSTEMPATH\View\View.php(226): include('D:\\laragon\\www\\laboratory3\\app\\Views\\include\\products.php')
 3 SYSTEMPATH\View\View.php(229): CodeIgniter\View\View->CodeIgniter\View\{closure}()
 4 SYSTEMPATH\Common.php(1188): CodeIgniter\View\View->render('include/products', [], true)
 5 APPPATH\Controllers\MainController.php(174): view('include/products')
 6 SYSTEMPATH\CodeIgniter.php(919): App\Controllers\MainController->login()
 7 SYSTEMPATH\CodeIgniter.php(494): CodeIgniter\CodeIgniter->runController(Object(App\Controllers\MainController))
 8 SYSTEMPATH\CodeIgniter.php(353): CodeIgniter\CodeIgniter->handleRequest(null, Object(Config\Cache), false)
 9 FCPATH\index.php(79): CodeIgniter\CodeIgniter->run()
10 SYSTEMPATH\Commands\Server\rewrite.php(47): require_once('D:\\laragon\\www\\laboratory3\\public\\index.php')
CRITICAL - 2023-10-02 13:16:25 --> Invalid file: "/products.php"
in SYSTEMPATH\Exceptions\FrameworkException.php on line 39.
 1 SYSTEMPATH\View\View.php(214): CodeIgniter\Exceptions\FrameworkException::forInvalidFile('/products.php')
 2 SYSTEMPATH\Common.php(1188): CodeIgniter\View\View->render('/products', [], true)
 3 APPPATH\Controllers\MainController.php(21): view('/products', [...])
 4 SYSTEMPATH\CodeIgniter.php(919): App\Controllers\MainController->displayProducts()
 5 SYSTEMPATH\CodeIgniter.php(494): CodeIgniter\CodeIgniter->runController(Object(App\Controllers\MainController))
 6 SYSTEMPATH\CodeIgniter.php(353): CodeIgniter\CodeIgniter->handleRequest(null, Object(Config\Cache), false)
 7 FCPATH\index.php(79): CodeIgniter\CodeIgniter->run()
 8 SYSTEMPATH\Commands\Server\rewrite.php(47): require_once('D:\\laragon\\www\\laboratory3\\public\\index.php')
CRITICAL - 2023-10-02 13:16:26 --> Invalid file: "/products.php"
in SYSTEMPATH\Exceptions\FrameworkException.php on line 39.
 1 SYSTEMPATH\View\View.php(214): CodeIgniter\Exceptions\FrameworkException::forInvalidFile('/products.php')
 2 SYSTEMPATH\Common.php(1188): CodeIgniter\View\View->render('/products', [], true)
 3 APPPATH\Controllers\MainController.php(21): view('/products', [...])
 4 SYSTEMPATH\CodeIgniter.php(919): App\Controllers\MainController->displayProducts()
 5 SYSTEMPATH\CodeIgniter.php(494): CodeIgniter\CodeIgniter->runController(Object(App\Controllers\MainController))
 6 SYSTEMPATH\CodeIgniter.php(353): CodeIgniter\CodeIgniter->handleRequest(null, Object(Config\Cache), false)
 7 FCPATH\index.php(79): CodeIgniter\CodeIgniter->run()
 8 SYSTEMPATH\Commands\Server\rewrite.php(47): require_once('D:\\laragon\\www\\laboratory3\\public\\index.php')
CRITICAL - 2023-10-02 13:17:29 --> Undefined variable $products
in APPPATH\Views\include\products.php on line 14.
 1 APPPATH\Views\include\products.php(14): CodeIgniter\Debug\Exceptions->errorHandler(2, 'Undefined variable $products', 'D:\\laragon\\www\\laboratory3\\app\\Views\\include\\products.php', 14)
 2 SYSTEMPATH\View\View.php(226): include('D:\\laragon\\www\\laboratory3\\app\\Views\\include\\products.php')
 3 SYSTEMPATH\View\View.php(229): CodeIgniter\View\View->CodeIgniter\View\{closure}()
 4 SYSTEMPATH\Common.php(1188): CodeIgniter\View\View->render('include/products', [], true)
 5 APPPATH\Controllers\MainController.php(174): view('include/products')
 6 SYSTEMPATH\CodeIgniter.php(919): App\Controllers\MainController->login()
 7 SYSTEMPATH\CodeIgniter.php(494): CodeIgniter\CodeIgniter->runController(Object(App\Controllers\MainController))
 8 SYSTEMPATH\CodeIgniter.php(353): CodeIgniter\CodeIgniter->handleRequest(null, Object(Config\Cache), false)
 9 FCPATH\index.php(79): CodeIgniter\CodeIgniter->run()
10 SYSTEMPATH\Commands\Server\rewrite.php(47): require_once('D:\\laragon\\www\\laboratory3\\public\\index.php')
CRITICAL - 2023-10-02 15:17:38 --> Undefined property: App\Controllers\MainController::$products
in APPPATH\Controllers\MainController.php on line 92.
 1 APPPATH\Controllers\MainController.php(92): CodeIgniter\Debug\Exceptions->errorHandler(2, 'Undefined property: App\\Controllers\\MainController::$products', 'D:\\laragon\\www\\laboratory3\\app\\Controllers\\MainController.php', 92)
 2 SYSTEMPATH\CodeIgniter.php(919): App\Controllers\MainController->addProducts()
 3 SYSTEMPATH\CodeIgniter.php(494): CodeIgniter\CodeIgniter->runController(Object(App\Controllers\MainController))
 4 SYSTEMPATH\CodeIgniter.php(353): CodeIgniter\CodeIgniter->handleRequest(null, Object(Config\Cache), false)
 5 FCPATH\index.php(79): CodeIgniter\CodeIgniter->run()
 6 SYSTEMPATH\Commands\Server\rewrite.php(47): require_once('D:\\laragon\\www\\laboratory3\\public\\index.php')
CRITICAL - 2023-10-02 15:18:58 --> Undefined property: App\Controllers\MainController::$products
in APPPATH\Controllers\MainController.php on line 93.
 1 APPPATH\Controllers\MainController.php(93): CodeIgniter\Debug\Exceptions->errorHandler(2, 'Undefined property: App\\Controllers\\MainController::$products', 'D:\\laragon\\www\\laboratory3\\app\\Controllers\\MainController.php', 93)
 2 SYSTEMPATH\CodeIgniter.php(919): App\Controllers\MainController->addProducts()
 3 SYSTEMPATH\CodeIgniter.php(494): CodeIgniter\CodeIgniter->runController(Object(App\Controllers\MainController))
 4 SYSTEMPATH\CodeIgniter.php(353): CodeIgniter\CodeIgniter->handleRequest(null, Object(Config\Cache), false)
 5 FCPATH\index.php(79): CodeIgniter\CodeIgniter->run()
 6 SYSTEMPATH\Commands\Server\rewrite.php(47): require_once('D:\\laragon\\www\\laboratory3\\public\\index.php')
CRITICAL - 2023-10-02 15:27:49 --> Class "App\Controllers\ProductModel" not found
in APPPATH\Controllers\MainController.php on line 99.
 1 SYSTEMPATH\CodeIgniter.php(919): App\Controllers\MainController->addProducts()
 2 SYSTEMPATH\CodeIgniter.php(494): CodeIgniter\CodeIgniter->runController(Object(App\Controllers\MainController))
 3 SYSTEMPATH\CodeIgniter.php(353): CodeIgniter\CodeIgniter->handleRequest(null, Object(Config\Cache), false)
 4 FCPATH\index.php(79): CodeIgniter\CodeIgniter->run()
 5 SYSTEMPATH\Commands\Server\rewrite.php(47): require_once('D:\\laragon\\www\\laboratory3\\public\\index.php')
CRITICAL - 2023-10-02 15:37:04 --> Class "App\Controllers\ProductModel" not found
in APPPATH\Controllers\MainController.php on line 99.
 1 SYSTEMPATH\CodeIgniter.php(919): App\Controllers\MainController->addProducts()
 2 SYSTEMPATH\CodeIgniter.php(494): CodeIgniter\CodeIgniter->runController(Object(App\Controllers\MainController))
 3 SYSTEMPATH\CodeIgniter.php(353): CodeIgniter\CodeIgniter->handleRequest(null, Object(Config\Cache), false)
 4 FCPATH\index.php(79): CodeIgniter\CodeIgniter->run()
 5 SYSTEMPATH\Commands\Server\rewrite.php(47): require_once('D:\\laragon\\www\\laboratory3\\public\\index.php')
CRITICAL - 2023-10-02 15:50:39 --> Undefined variable $product
in APPPATH\Views\include\AddProduct.php on line 36.
 1 APPPATH\Views\include\AddProduct.php(36): CodeIgniter\Debug\Exceptions->errorHandler(2, 'Undefined variable $product', 'D:\\laragon\\www\\laboratory3\\app\\Views\\include\\AddProduct.php', 36)
 2 SYSTEMPATH\View\View.php(226): include('D:\\laragon\\www\\laboratory3\\app\\Views\\include\\AddProduct.php')
 3 SYSTEMPATH\View\View.php(229): CodeIgniter\View\View->CodeIgniter\View\{closure}()
 4 SYSTEMPATH\Common.php(1188): CodeIgniter\View\View->render('include/AddProduct', [], true)
 5 APPPATH\Controllers\MainController.php(182): view('include/AddProduct', [...])
 6 SYSTEMPATH\CodeIgniter.php(919): App\Controllers\MainController->displayaddproduct()
 7 SYSTEMPATH\CodeIgniter.php(494): CodeIgniter\CodeIgniter->runController(Object(App\Controllers\MainController))
 8 SYSTEMPATH\CodeIgniter.php(353): CodeIgniter\CodeIgniter->handleRequest(null, Object(Config\Cache), false)
 9 FCPATH\index.php(79): CodeIgniter\CodeIgniter->run()
10 SYSTEMPATH\Commands\Server\rewrite.php(47): require_once('D:\\laragon\\www\\laboratory3\\public\\index.php')
CRITICAL - 2023-10-02 16:05:49 --> Undefined variable $var
in APPPATH\Views\include\adminUpdate.php on line 9.
 1 APPPATH\Views\include\adminUpdate.php(9): CodeIgniter\Debug\Exceptions->errorHandler(2, 'Undefined variable $var', 'D:\\laragon\\www\\laboratory3\\app\\Views\\include\\adminUpdate.php', 9)
 2 SYSTEMPATH\View\View.php(226): include('D:\\laragon\\www\\laboratory3\\app\\Views\\include\\adminUpdate.php')
 3 SYSTEMPATH\View\View.php(229): CodeIgniter\View\View->CodeIgniter\View\{closure}()
 4 SYSTEMPATH\Common.php(1188): CodeIgniter\View\View->render('include/adminUpdate', [], true)
 5 APPPATH\Controllers\MainController.php(206): view('include/adminUpdate', [...])
 6 SYSTEMPATH\CodeIgniter.php(919): App\Controllers\MainController->displayupdate()
 7 SYSTEMPATH\CodeIgniter.php(494): CodeIgniter\CodeIgniter->runController(Object(App\Controllers\MainController))
 8 SYSTEMPATH\CodeIgniter.php(353): CodeIgniter\CodeIgniter->handleRequest(null, Object(Config\Cache), false)
 9 FCPATH\index.php(79): CodeIgniter\CodeIgniter->run()
10 SYSTEMPATH\Commands\Server\rewrite.php(47): require_once('D:\\laragon\\www\\laboratory3\\public\\index.php')
CRITICAL - 2023-10-02 16:06:08 --> Undefined variable $var
in APPPATH\Views\include\adminUpdate.php on line 9.
 1 APPPATH\Views\include\adminUpdate.php(9): CodeIgniter\Debug\Exceptions->errorHandler(2, 'Undefined variable $var', 'D:\\laragon\\www\\laboratory3\\app\\Views\\include\\adminUpdate.php', 9)
 2 SYSTEMPATH\View\View.php(226): include('D:\\laragon\\www\\laboratory3\\app\\Views\\include\\adminUpdate.php')
 3 SYSTEMPATH\View\View.php(229): CodeIgniter\View\View->CodeIgniter\View\{closure}()
 4 SYSTEMPATH\Common.php(1188): CodeIgniter\View\View->render('include/adminUpdate', [], true)
 5 APPPATH\Controllers\MainController.php(206): view('include/adminUpdate', [...])
 6 SYSTEMPATH\CodeIgniter.php(919): App\Controllers\MainController->displayupdate()
 7 SYSTEMPATH\CodeIgniter.php(494): CodeIgniter\CodeIgniter->runController(Object(App\Controllers\MainController))
 8 SYSTEMPATH\CodeIgniter.php(353): CodeIgniter\CodeIgniter->handleRequest(null, Object(Config\Cache), false)
 9 FCPATH\index.php(79): CodeIgniter\CodeIgniter->run()
10 SYSTEMPATH\Commands\Server\rewrite.php(47): require_once('D:\\laragon\\www\\laboratory3\\public\\index.php')
CRITICAL - 2023-10-02 16:06:47 --> Undefined variable $var
in APPPATH\Views\include\adminUpdate.php on line 9.
 1 APPPATH\Views\include\adminUpdate.php(9): CodeIgniter\Debug\Exceptions->errorHandler(2, 'Undefined variable $var', 'D:\\laragon\\www\\laboratory3\\app\\Views\\include\\adminUpdate.php', 9)
 2 SYSTEMPATH\View\View.php(226): include('D:\\laragon\\www\\laboratory3\\app\\Views\\include\\adminUpdate.php')
 3 SYSTEMPATH\View\View.php(229): CodeIgniter\View\View->CodeIgniter\View\{closure}()
 4 SYSTEMPATH\Common.php(1188): CodeIgniter\View\View->render('include/adminUpdate', [], true)
 5 APPPATH\Controllers\MainController.php(206): view('include/adminUpdate', [...])
 6 SYSTEMPATH\CodeIgniter.php(919): App\Controllers\MainController->displayupdate()
 7 SYSTEMPATH\CodeIgniter.php(494): CodeIgniter\CodeIgniter->runController(Object(App\Controllers\MainController))
 8 SYSTEMPATH\CodeIgniter.php(353): CodeIgniter\CodeIgniter->handleRequest(null, Object(Config\Cache), false)
 9 FCPATH\index.php(79): CodeIgniter\CodeIgniter->run()
10 SYSTEMPATH\Commands\Server\rewrite.php(47): require_once('D:\\laragon\\www\\laboratory3\\public\\index.php')
CRITICAL - 2023-10-02 16:07:54 --> Undefined variable $var
in APPPATH\Views\include\adminUpdate.php on line 9.
 1 APPPATH\Views\include\adminUpdate.php(9): CodeIgniter\Debug\Exceptions->errorHandler(2, 'Undefined variable $var', 'D:\\laragon\\www\\laboratory3\\app\\Views\\include\\adminUpdate.php', 9)
 2 SYSTEMPATH\View\View.php(226): include('D:\\laragon\\www\\laboratory3\\app\\Views\\include\\adminUpdate.php')
 3 SYSTEMPATH\View\View.php(229): CodeIgniter\View\View->CodeIgniter\View\{closure}()
 4 SYSTEMPATH\Common.php(1188): CodeIgniter\View\View->render('include/adminUpdate', [], true)
 5 APPPATH\Controllers\MainController.php(207): view('include/adminUpdate', [...])
 6 SYSTEMPATH\CodeIgniter.php(919): App\Controllers\MainController->displayupdate()
 7 SYSTEMPATH\CodeIgniter.php(494): CodeIgniter\CodeIgniter->runController(Object(App\Controllers\MainController))
 8 SYSTEMPATH\CodeIgniter.php(353): CodeIgniter\CodeIgniter->handleRequest(null, Object(Config\Cache), false)
 9 FCPATH\index.php(79): CodeIgniter\CodeIgniter->run()
10 SYSTEMPATH\Commands\Server\rewrite.php(47): require_once('D:\\laragon\\www\\laboratory3\\public\\index.php')
CRITICAL - 2023-10-02 16:09:36 --> Undefined variable $var
in APPPATH\Views\include\adminUpdate.php on line 9.
 1 APPPATH\Views\include\adminUpdate.php(9): CodeIgniter\Debug\Exceptions->errorHandler(2, 'Undefined variable $var', 'D:\\laragon\\www\\laboratory3\\app\\Views\\include\\adminUpdate.php', 9)
 2 SYSTEMPATH\View\View.php(226): include('D:\\laragon\\www\\laboratory3\\app\\Views\\include\\adminUpdate.php')
 3 SYSTEMPATH\View\View.php(229): CodeIgniter\View\View->CodeIgniter\View\{closure}()
 4 SYSTEMPATH\Common.php(1188): CodeIgniter\View\View->render('include/adminUpdate', [], true)
 5 APPPATH\Controllers\MainController.php(207): view('include/adminUpdate', [...])
 6 SYSTEMPATH\CodeIgniter.php(919): App\Controllers\MainController->displayupdate()
 7 SYSTEMPATH\CodeIgniter.php(494): CodeIgniter\CodeIgniter->runController(Object(App\Controllers\MainController))
 8 SYSTEMPATH\CodeIgniter.php(353): CodeIgniter\CodeIgniter->handleRequest(null, Object(Config\Cache), false)
 9 FCPATH\index.php(79): CodeIgniter\CodeIgniter->run()
10 SYSTEMPATH\Commands\Server\rewrite.php(47): require_once('D:\\laragon\\www\\laboratory3\\public\\index.php')
CRITICAL - 2023-10-02 16:10:46 --> Undefined variable $var
in APPPATH\Views\include\adminUpdate.php on line 9.
 1 APPPATH\Views\include\adminUpdate.php(9): CodeIgniter\Debug\Exceptions->errorHandler(2, 'Undefined variable $var', 'D:\\laragon\\www\\laboratory3\\app\\Views\\include\\adminUpdate.php', 9)
 2 SYSTEMPATH\View\View.php(226): include('D:\\laragon\\www\\laboratory3\\app\\Views\\include\\adminUpdate.php')
 3 SYSTEMPATH\View\View.php(229): CodeIgniter\View\View->CodeIgniter\View\{closure}()
 4 SYSTEMPATH\Common.php(1188): CodeIgniter\View\View->render('include/adminUpdate', [], true)
 5 APPPATH\Controllers\MainController.php(207): view('include/adminUpdate', [...])
 6 SYSTEMPATH\CodeIgniter.php(919): App\Controllers\MainController->displayupdate()
 7 SYSTEMPATH\CodeIgniter.php(494): CodeIgniter\CodeIgniter->runController(Object(App\Controllers\MainController))
 8 SYSTEMPATH\CodeIgniter.php(353): CodeIgniter\CodeIgniter->handleRequest(null, Object(Config\Cache), false)
 9 FCPATH\index.php(79): CodeIgniter\CodeIgniter->run()
10 SYSTEMPATH\Commands\Server\rewrite.php(47): require_once('D:\\laragon\\www\\laboratory3\\public\\index.php')
CRITICAL - 2023-10-02 16:13:31 --> Undefined variable $var
in APPPATH\Views\include\adminUpdate.php on line 9.
 1 APPPATH\Views\include\adminUpdate.php(9): CodeIgniter\Debug\Exceptions->errorHandler(2, 'Undefined variable $var', 'D:\\laragon\\www\\laboratory3\\app\\Views\\include\\adminUpdate.php', 9)
 2 SYSTEMPATH\View\View.php(226): include('D:\\laragon\\www\\laboratory3\\app\\Views\\include\\adminUpdate.php')
 3 SYSTEMPATH\View\View.php(229): CodeIgniter\View\View->CodeIgniter\View\{closure}()
 4 SYSTEMPATH\Common.php(1188): CodeIgniter\View\View->render('include/adminUpdate', [], true)
 5 APPPATH\Controllers\MainController.php(207): view('include/adminUpdate', [...])
 6 SYSTEMPATH\CodeIgniter.php(919): App\Controllers\MainController->displayupdate()
 7 SYSTEMPATH\CodeIgniter.php(494): CodeIgniter\CodeIgniter->runController(Object(App\Controllers\MainController))
 8 SYSTEMPATH\CodeIgniter.php(353): CodeIgniter\CodeIgniter->handleRequest(null, Object(Config\Cache), false)
 9 FCPATH\index.php(79): CodeIgniter\CodeIgniter->run()
10 SYSTEMPATH\Commands\Server\rewrite.php(47): require_once('D:\\laragon\\www\\laboratory3\\public\\index.php')
CRITICAL - 2023-10-02 16:13:37 --> Undefined variable $var
in APPPATH\Views\include\adminUpdate.php on line 9.
 1 APPPATH\Views\include\adminUpdate.php(9): CodeIgniter\Debug\Exceptions->errorHandler(2, 'Undefined variable $var', 'D:\\laragon\\www\\laboratory3\\app\\Views\\include\\adminUpdate.php', 9)
 2 SYSTEMPATH\View\View.php(226): include('D:\\laragon\\www\\laboratory3\\app\\Views\\include\\adminUpdate.php')
 3 SYSTEMPATH\View\View.php(229): CodeIgniter\View\View->CodeIgniter\View\{closure}()
 4 SYSTEMPATH\Common.php(1188): CodeIgniter\View\View->render('include/adminUpdate', [], true)
 5 APPPATH\Controllers\MainController.php(207): view('include/adminUpdate', [...])
 6 SYSTEMPATH\CodeIgniter.php(919): App\Controllers\MainController->displayupdate()
 7 SYSTEMPATH\CodeIgniter.php(494): CodeIgniter\CodeIgniter->runController(Object(App\Controllers\MainController))
 8 SYSTEMPATH\CodeIgniter.php(353): CodeIgniter\CodeIgniter->handleRequest(null, Object(Config\Cache), false)
 9 FCPATH\index.php(79): CodeIgniter\CodeIgniter->run()
10 SYSTEMPATH\Commands\Server\rewrite.php(47): require_once('D:\\laragon\\www\\laboratory3\\public\\index.php')
CRITICAL - 2023-10-02 16:22:02 --> Undefined variable $var
in APPPATH\Views\include\adminUpdate.php on line 9.
 1 APPPATH\Views\include\adminUpdate.php(9): CodeIgniter\Debug\Exceptions->errorHandler(2, 'Undefined variable $var', 'D:\\laragon\\www\\laboratory3\\app\\Views\\include\\adminUpdate.php', 9)
 2 SYSTEMPATH\View\View.php(226): include('D:\\laragon\\www\\laboratory3\\app\\Views\\include\\adminUpdate.php')
 3 SYSTEMPATH\View\View.php(229): CodeIgniter\View\View->CodeIgniter\View\{closure}()
 4 SYSTEMPATH\Common.php(1188): CodeIgniter\View\View->render('include/adminUpdate', [], true)
 5 APPPATH\Controllers\MainController.php(208): view('include/adminUpdate', [...])
 6 SYSTEMPATH\CodeIgniter.php(919): App\Controllers\MainController->displayupdate()
 7 SYSTEMPATH\CodeIgniter.php(494): CodeIgniter\CodeIgniter->runController(Object(App\Controllers\MainController))
 8 SYSTEMPATH\CodeIgniter.php(353): CodeIgniter\CodeIgniter->handleRequest(null, Object(Config\Cache), false)
 9 FCPATH\index.php(79): CodeIgniter\CodeIgniter->run()
10 SYSTEMPATH\Commands\Server\rewrite.php(47): require_once('D:\\laragon\\www\\laboratory3\\public\\index.php')
CRITICAL - 2023-10-02 16:59:47 --> Undefined property: App\Controllers\MainController::$product
in APPPATH\Controllers\MainController.php on line 57.
 1 APPPATH\Controllers\MainController.php(57): CodeIgniter\Debug\Exceptions->errorHandler(2, 'Undefined property: App\\Controllers\\MainController::$product', 'D:\\laragon\\www\\laboratory3\\app\\Controllers\\MainController.php', 57)
 2 SYSTEMPATH\CodeIgniter.php(919): App\Controllers\MainController->editProduct('1')
 3 SYSTEMPATH\CodeIgniter.php(494): CodeIgniter\CodeIgniter->runController(Object(App\Controllers\MainController))
 4 SYSTEMPATH\CodeIgniter.php(353): CodeIgniter\CodeIgniter->handleRequest(null, Object(Config\Cache), false)
 5 FCPATH\index.php(79): CodeIgniter\CodeIgniter->run()
 6 SYSTEMPATH\Commands\Server\rewrite.php(47): require_once('D:\\laragon\\www\\laboratory3\\public\\index.php')
CRITICAL - 2023-10-02 17:01:11 --> Call to a member function where() on null
in APPPATH\Controllers\MainController.php on line 57.
 1 SYSTEMPATH\CodeIgniter.php(919): App\Controllers\MainController->editProduct('1')
 2 SYSTEMPATH\CodeIgniter.php(494): CodeIgniter\CodeIgniter->runController(Object(App\Controllers\MainController))
 3 SYSTEMPATH\CodeIgniter.php(353): CodeIgniter\CodeIgniter->handleRequest(null, Object(Config\Cache), false)
 4 FCPATH\index.php(79): CodeIgniter\CodeIgniter->run()
 5 SYSTEMPATH\Commands\Server\rewrite.php(47): require_once('D:\\laragon\\www\\laboratory3\\public\\index.php')
CRITICAL - 2023-10-02 17:03:25 --> Call to a member function where() on null
in APPPATH\Controllers\MainController.php on line 57.
 1 SYSTEMPATH\CodeIgniter.php(919): App\Controllers\MainController->editProduct('1')
 2 SYSTEMPATH\CodeIgniter.php(494): CodeIgniter\CodeIgniter->runController(Object(App\Controllers\MainController))
 3 SYSTEMPATH\CodeIgniter.php(353): CodeIgniter\CodeIgniter->handleRequest(null, Object(Config\Cache), false)
 4 FCPATH\index.php(79): CodeIgniter\CodeIgniter->run()
 5 SYSTEMPATH\Commands\Server\rewrite.php(47): require_once('D:\\laragon\\www\\laboratory3\\public\\index.php')
CRITICAL - 2023-10-02 17:03:39 --> Call to a member function where() on null
in APPPATH\Controllers\MainController.php on line 57.
 1 SYSTEMPATH\CodeIgniter.php(919): App\Controllers\MainController->editProduct('1')
 2 SYSTEMPATH\CodeIgniter.php(494): CodeIgniter\CodeIgniter->runController(Object(App\Controllers\MainController))
 3 SYSTEMPATH\CodeIgniter.php(353): CodeIgniter\CodeIgniter->handleRequest(null, Object(Config\Cache), false)
 4 FCPATH\index.php(79): CodeIgniter\CodeIgniter->run()
 5 SYSTEMPATH\Commands\Server\rewrite.php(47): require_once('D:\\laragon\\www\\laboratory3\\public\\index.php')
CRITICAL - 2023-10-02 17:04:57 --> Call to undefined method CodeIgniter\Database\MySQLi\Builder::first()
in APPPATH\Controllers\MainController.php on line 58.
 1 SYSTEMPATH\CodeIgniter.php(919): App\Controllers\MainController->editProduct('1')
 2 SYSTEMPATH\CodeIgniter.php(494): CodeIgniter\CodeIgniter->runController(Object(App\Controllers\MainController))
 3 SYSTEMPATH\CodeIgniter.php(353): CodeIgniter\CodeIgniter->handleRequest(null, Object(Config\Cache), false)
 4 FCPATH\index.php(79): CodeIgniter\CodeIgniter->run()
 5 SYSTEMPATH\Commands\Server\rewrite.php(47): require_once('D:\\laragon\\www\\laboratory3\\public\\index.php')
CRITICAL - 2023-10-02 17:05:06 --> Call to a member function where() on null
in APPPATH\Controllers\MainController.php on line 57.
 1 SYSTEMPATH\CodeIgniter.php(919): App\Controllers\MainController->editProduct('1')
 2 SYSTEMPATH\CodeIgniter.php(494): CodeIgniter\CodeIgniter->runController(Object(App\Controllers\MainController))
 3 SYSTEMPATH\CodeIgniter.php(353): CodeIgniter\CodeIgniter->handleRequest(null, Object(Config\Cache), false)
 4 FCPATH\index.php(79): CodeIgniter\CodeIgniter->run()
 5 SYSTEMPATH\Commands\Server\rewrite.php(47): require_once('D:\\laragon\\www\\laboratory3\\public\\index.php')
CRITICAL - 2023-10-02 17:06:46 --> Call to a member function where() on null
in APPPATH\Controllers\MainController.php on line 57.
 1 SYSTEMPATH\CodeIgniter.php(919): App\Controllers\MainController->editProduct('1')
 2 SYSTEMPATH\CodeIgniter.php(494): CodeIgniter\CodeIgniter->runController(Object(App\Controllers\MainController))
 3 SYSTEMPATH\CodeIgniter.php(353): CodeIgniter\CodeIgniter->handleRequest(null, Object(Config\Cache), false)
 4 FCPATH\index.php(79): CodeIgniter\CodeIgniter->run()
 5 SYSTEMPATH\Commands\Server\rewrite.php(47): require_once('D:\\laragon\\www\\laboratory3\\public\\index.php')
CRITICAL - 2023-10-02 17:09:25 --> Call to a member function where() on null
in APPPATH\Controllers\MainController.php on line 57.
 1 SYSTEMPATH\CodeIgniter.php(919): App\Controllers\MainController->editProduct('1')
 2 SYSTEMPATH\CodeIgniter.php(494): CodeIgniter\CodeIgniter->runController(Object(App\Controllers\MainController))
 3 SYSTEMPATH\CodeIgniter.php(353): CodeIgniter\CodeIgniter->handleRequest(null, Object(Config\Cache), false)
 4 FCPATH\index.php(79): CodeIgniter\CodeIgniter->run()
 5 SYSTEMPATH\Commands\Server\rewrite.php(47): require_once('D:\\laragon\\www\\laboratory3\\public\\index.php')
CRITICAL - 2023-10-02 17:12:16 --> Call to a member function where() on null
in APPPATH\Controllers\MainController.php on line 57.
 1 SYSTEMPATH\CodeIgniter.php(919): App\Controllers\MainController->editProduct('1')
 2 SYSTEMPATH\CodeIgniter.php(494): CodeIgniter\CodeIgniter->runController(Object(App\Controllers\MainController))
 3 SYSTEMPATH\CodeIgniter.php(353): CodeIgniter\CodeIgniter->handleRequest(null, Object(Config\Cache), false)
 4 FCPATH\index.php(79): CodeIgniter\CodeIgniter->run()
 5 SYSTEMPATH\Commands\Server\rewrite.php(47): require_once('D:\\laragon\\www\\laboratory3\\public\\index.php')
CRITICAL - 2023-10-02 17:12:18 --> Call to a member function where() on null
in APPPATH\Controllers\MainController.php on line 57.
 1 SYSTEMPATH\CodeIgniter.php(919): App\Controllers\MainController->editProduct('1')
 2 SYSTEMPATH\CodeIgniter.php(494): CodeIgniter\CodeIgniter->runController(Object(App\Controllers\MainController))
 3 SYSTEMPATH\CodeIgniter.php(353): CodeIgniter\CodeIgniter->handleRequest(null, Object(Config\Cache), false)
 4 FCPATH\index.php(79): CodeIgniter\CodeIgniter->run()
 5 SYSTEMPATH\Commands\Server\rewrite.php(47): require_once('D:\\laragon\\www\\laboratory3\\public\\index.php')
CRITICAL - 2023-10-02 17:19:07 --> Call to a member function where() on null
in APPPATH\Controllers\MainController.php on line 57.
 1 SYSTEMPATH\CodeIgniter.php(919): App\Controllers\MainController->editProduct('1')
 2 SYSTEMPATH\CodeIgniter.php(494): CodeIgniter\CodeIgniter->runController(Object(App\Controllers\MainController))
 3 SYSTEMPATH\CodeIgniter.php(353): CodeIgniter\CodeIgniter->handleRequest(null, Object(Config\Cache), false)
 4 FCPATH\index.php(79): CodeIgniter\CodeIgniter->run()
 5 SYSTEMPATH\Commands\Server\rewrite.php(47): require_once('D:\\laragon\\www\\laboratory3\\public\\index.php')
CRITICAL - 2023-10-02 17:20:39 --> Call to a member function where() on null
in APPPATH\Controllers\MainController.php on line 57.
 1 SYSTEMPATH\CodeIgniter.php(919): App\Controllers\MainController->editProduct('1')
 2 SYSTEMPATH\CodeIgniter.php(494): CodeIgniter\CodeIgniter->runController(Object(App\Controllers\MainController))
 3 SYSTEMPATH\CodeIgniter.php(353): CodeIgniter\CodeIgniter->handleRequest(null, Object(Config\Cache), false)
 4 FCPATH\index.php(79): CodeIgniter\CodeIgniter->run()
 5 SYSTEMPATH\Commands\Server\rewrite.php(47): require_once('D:\\laragon\\www\\laboratory3\\public\\index.php')
CRITICAL - 2023-10-02 17:31:59 --> Call to a member function where() on null
in APPPATH\Controllers\MainController.php on line 57.
 1 SYSTEMPATH\CodeIgniter.php(919): App\Controllers\MainController->editProduct('1')
 2 SYSTEMPATH\CodeIgniter.php(494): CodeIgniter\CodeIgniter->runController(Object(App\Controllers\MainController))
 3 SYSTEMPATH\CodeIgniter.php(353): CodeIgniter\CodeIgniter->handleRequest(null, Object(Config\Cache), false)
 4 FCPATH\index.php(79): CodeIgniter\CodeIgniter->run()
 5 SYSTEMPATH\Commands\Server\rewrite.php(47): require_once('D:\\laragon\\www\\laboratory3\\public\\index.php')
CRITICAL - 2023-10-02 17:37:52 --> Call to a member function where() on null
in APPPATH\Controllers\MainController.php on line 57.
 1 SYSTEMPATH\CodeIgniter.php(919): App\Controllers\MainController->editProduct('1')
 2 SYSTEMPATH\CodeIgniter.php(494): CodeIgniter\CodeIgniter->runController(Object(App\Controllers\MainController))
 3 SYSTEMPATH\CodeIgniter.php(353): CodeIgniter\CodeIgniter->handleRequest(null, Object(Config\Cache), false)
 4 FCPATH\index.php(79): CodeIgniter\CodeIgniter->run()
 5 SYSTEMPATH\Commands\Server\rewrite.php(47): require_once('D:\\laragon\\www\\laboratory3\\public\\index.php')
CRITICAL - 2023-10-02 17:52:32 --> Call to a member function where() on null
in APPPATH\Controllers\MainController.php on line 57.
 1 SYSTEMPATH\CodeIgniter.php(919): App\Controllers\MainController->editProduct('1')
 2 SYSTEMPATH\CodeIgniter.php(494): CodeIgniter\CodeIgniter->runController(Object(App\Controllers\MainController))
 3 SYSTEMPATH\CodeIgniter.php(353): CodeIgniter\CodeIgniter->handleRequest(null, Object(Config\Cache), false)
 4 FCPATH\index.php(79): CodeIgniter\CodeIgniter->run()
 5 SYSTEMPATH\Commands\Server\rewrite.php(47): require_once('D:\\laragon\\www\\laboratory3\\public\\index.php')
CRITICAL - 2023-10-02 17:56:55 --> Call to a member function where() on null
in APPPATH\Controllers\MainController.php on line 57.
 1 SYSTEMPATH\CodeIgniter.php(919): App\Controllers\MainController->editProduct('1')
 2 SYSTEMPATH\CodeIgniter.php(494): CodeIgniter\CodeIgniter->runController(Object(App\Controllers\MainController))
 3 SYSTEMPATH\CodeIgniter.php(353): CodeIgniter\CodeIgniter->handleRequest(null, Object(Config\Cache), false)
 4 FCPATH\index.php(79): CodeIgniter\CodeIgniter->run()
 5 SYSTEMPATH\Commands\Server\rewrite.php(47): require_once('D:\\laragon\\www\\laboratory3\\public\\index.php')
CRITICAL - 2023-10-02 17:58:38 --> Call to a member function where() on null
in APPPATH\Controllers\MainController.php on line 59.
 1 SYSTEMPATH\CodeIgniter.php(919): App\Controllers\MainController->editProduct('1')
 2 SYSTEMPATH\CodeIgniter.php(494): CodeIgniter\CodeIgniter->runController(Object(App\Controllers\MainController))
 3 SYSTEMPATH\CodeIgniter.php(353): CodeIgniter\CodeIgniter->handleRequest(null, Object(Config\Cache), false)
 4 FCPATH\index.php(79): CodeIgniter\CodeIgniter->run()
 5 SYSTEMPATH\Commands\Server\rewrite.php(47): require_once('D:\\laragon\\www\\laboratory3\\public\\index.php')
CRITICAL - 2023-10-02 17:58:46 --> Call to a member function where() on null
in APPPATH\Controllers\MainController.php on line 59.
 1 SYSTEMPATH\CodeIgniter.php(919): App\Controllers\MainController->editProduct('6')
 2 SYSTEMPATH\CodeIgniter.php(494): CodeIgniter\CodeIgniter->runController(Object(App\Controllers\MainController))
 3 SYSTEMPATH\CodeIgniter.php(353): CodeIgniter\CodeIgniter->handleRequest(null, Object(Config\Cache), false)
 4 FCPATH\index.php(79): CodeIgniter\CodeIgniter->run()
 5 SYSTEMPATH\Commands\Server\rewrite.php(47): require_once('D:\\laragon\\www\\laboratory3\\public\\index.php')
CRITICAL - 2023-10-02 17:59:37 --> Call to a member function where() on null
in APPPATH\Controllers\MainController.php on line 60.
 1 SYSTEMPATH\CodeIgniter.php(919): App\Controllers\MainController->editProduct('6')
 2 SYSTEMPATH\CodeIgniter.php(494): CodeIgniter\CodeIgniter->runController(Object(App\Controllers\MainController))
 3 SYSTEMPATH\CodeIgniter.php(353): CodeIgniter\CodeIgniter->handleRequest(null, Object(Config\Cache), false)
 4 FCPATH\index.php(79): CodeIgniter\CodeIgniter->run()
 5 SYSTEMPATH\Commands\Server\rewrite.php(47): require_once('D:\\laragon\\www\\laboratory3\\public\\index.php')
CRITICAL - 2023-10-02 18:01:48 --> Undefined variable $productModel
in APPPATH\Controllers\MainController.php on line 56.
 1 APPPATH\Controllers\MainController.php(56): CodeIgniter\Debug\Exceptions->errorHandler(2, 'Undefined variable $productModel', 'D:\\laragon\\www\\laboratory3\\app\\Controllers\\MainController.php', 56)
 2 SYSTEMPATH\CodeIgniter.php(919): App\Controllers\MainController->editProduct('6')
 3 SYSTEMPATH\CodeIgniter.php(494): CodeIgniter\CodeIgniter->runController(Object(App\Controllers\MainController))
 4 SYSTEMPATH\CodeIgniter.php(353): CodeIgniter\CodeIgniter->handleRequest(null, Object(Config\Cache), false)
 5 FCPATH\index.php(79): CodeIgniter\CodeIgniter->run()
 6 SYSTEMPATH\Commands\Server\rewrite.php(47): require_once('D:\\laragon\\www\\laboratory3\\public\\index.php')
CRITICAL - 2023-10-02 18:17:26 --> "image" is not a valid Validation template.
in SYSTEMPATH\Validation\Validation.php on line 651.
 1 SYSTEMPATH\Validation\Validation.php(651): CodeIgniter\Validation\Exceptions\ValidationException::forInvalidTemplate('image')
 2 APPPATH\Controllers\MainController.php(62): CodeIgniter\Validation\Validation->listErrors('image')
 3 SYSTEMPATH\CodeIgniter.php(919): App\Controllers\MainController->updateProduct()
 4 SYSTEMPATH\CodeIgniter.php(494): CodeIgniter\CodeIgniter->runController(Object(App\Controllers\MainController))
 5 SYSTEMPATH\CodeIgniter.php(353): CodeIgniter\CodeIgniter->handleRequest(null, Object(Config\Cache), false)
 6 FCPATH\index.php(79): CodeIgniter\CodeIgniter->run()
 7 SYSTEMPATH\Commands\Server\rewrite.php(47): require_once('D:\\laragon\\www\\laboratory3\\public\\index.php')
