CRITICAL - 2023-10-01 08:44:30 --> Cannot redeclare App\Controllers\MainController::login()
in APPPATH\Controllers\MainController.php on line 112.
 1 [internal function]: CodeIgniter\Debug\Exceptions->shutdownHandler()
CRITICAL - 2023-10-01 08:45:20 --> Class "App\Controllers\UserModel" not found
in APPPATH\Controllers\MainController.php on line 53.
 1 SYSTEMPATH\CodeIgniter.php(919): App\Controllers\MainController->register()
 2 SYSTEMPATH\CodeIgniter.php(494): CodeIgniter\CodeIgniter->runController(Object(App\Controllers\MainController))
 3 SYSTEMPATH\CodeIgniter.php(353): CodeIgniter\CodeIgniter->handleRequest(null, Object(Config\Cache), false)
 4 FCPATH\index.php(79): CodeIgniter\CodeIgniter->run()
 5 SYSTEMPATH\Commands\Server\rewrite.php(47): require_once('D:\\laragon\\www\\laboratory3\\public\\index.php')
CRITICAL - 2023-10-01 10:54:19 --> Undefined variable $username
in APPPATH\Views\admin.php on line 42.
 1 APPPATH\Views\admin.php(42): CodeIgniter\Debug\Exceptions->errorHandler(2, 'Undefined variable $username', 'D:\\laragon\\www\\laboratory3\\app\\Views\\admin.php', 42)
 2 SYSTEMPATH\View\View.php(226): include('D:\\laragon\\www\\laboratory3\\app\\Views\\admin.php')
 3 SYSTEMPATH\View\View.php(229): CodeIgniter\View\View->CodeIgniter\View\{closure}()
 4 SYSTEMPATH\Common.php(1188): CodeIgniter\View\View->render('admin', [], true)
 5 APPPATH\Controllers\MainController.php(23): view('admin')
 6 SYSTEMPATH\CodeIgniter.php(919): App\Controllers\MainController->admin()
 7 SYSTEMPATH\CodeIgniter.php(494): CodeIgniter\CodeIgniter->runController(Object(App\Controllers\MainController))
 8 SYSTEMPATH\CodeIgniter.php(353): CodeIgniter\CodeIgniter->handleRequest(null, Object(Config\Cache), false)
 9 FCPATH\index.php(79): CodeIgniter\CodeIgniter->run()
10 SYSTEMPATH\Commands\Server\rewrite.php(47): require_once('D:\\laragon\\www\\laboratory3\\public\\index.php')
CRITICAL - 2023-10-01 11:31:07 --> Undefined variable $products
in APPPATH\Views\admin.php on line 93.
 1 APPPATH\Views\admin.php(93): CodeIgniter\Debug\Exceptions->errorHandler(2, 'Undefined variable $products', 'D:\\laragon\\www\\laboratory3\\app\\Views\\admin.php', 93)
 2 SYSTEMPATH\View\View.php(226): include('D:\\laragon\\www\\laboratory3\\app\\Views\\admin.php')
 3 SYSTEMPATH\View\View.php(229): CodeIgniter\View\View->CodeIgniter\View\{closure}()
 4 SYSTEMPATH\Common.php(1188): CodeIgniter\View\View->render('admin', [], true)
 5 APPPATH\Controllers\MainController.php(14): view('admin')
 6 SYSTEMPATH\CodeIgniter.php(919): App\Controllers\MainController->admin()
 7 SYSTEMPATH\CodeIgniter.php(494): CodeIgniter\CodeIgniter->runController(Object(App\Controllers\MainController))
 8 SYSTEMPATH\CodeIgniter.php(353): CodeIgniter\CodeIgniter->handleRequest(null, Object(Config\Cache), false)
 9 FCPATH\index.php(79): CodeIgniter\CodeIgniter->run()
10 SYSTEMPATH\Commands\Server\rewrite.php(47): require_once('D:\\laragon\\www\\laboratory3\\public\\index.php')
CRITICAL - 2023-10-01 11:38:57 --> Undefined variable $products
in APPPATH\Views\admin.php on line 93.
 1 APPPATH\Views\admin.php(93): CodeIgniter\Debug\Exceptions->errorHandler(2, 'Undefined variable $products', 'D:\\laragon\\www\\laboratory3\\app\\Views\\admin.php', 93)
 2 SYSTEMPATH\View\View.php(226): include('D:\\laragon\\www\\laboratory3\\app\\Views\\admin.php')
 3 SYSTEMPATH\View\View.php(229): CodeIgniter\View\View->CodeIgniter\View\{closure}()
 4 SYSTEMPATH\Common.php(1188): CodeIgniter\View\View->render('admin', [], true)
 5 APPPATH\Controllers\MainController.php(14): view('admin')
 6 SYSTEMPATH\CodeIgniter.php(919): App\Controllers\MainController->admin()
 7 SYSTEMPATH\CodeIgniter.php(494): CodeIgniter\CodeIgniter->runController(Object(App\Controllers\MainController))
 8 SYSTEMPATH\CodeIgniter.php(353): CodeIgniter\CodeIgniter->handleRequest(null, Object(Config\Cache), false)
 9 FCPATH\index.php(79): CodeIgniter\CodeIgniter->run()
10 SYSTEMPATH\Commands\Server\rewrite.php(47): require_once('D:\\laragon\\www\\laboratory3\\public\\index.php')
CRITICAL - 2023-10-01 11:38:58 --> Undefined variable $products
in APPPATH\Views\admin.php on line 93.
 1 APPPATH\Views\admin.php(93): CodeIgniter\Debug\Exceptions->errorHandler(2, 'Undefined variable $products', 'D:\\laragon\\www\\laboratory3\\app\\Views\\admin.php', 93)
 2 SYSTEMPATH\View\View.php(226): include('D:\\laragon\\www\\laboratory3\\app\\Views\\admin.php')
 3 SYSTEMPATH\View\View.php(229): CodeIgniter\View\View->CodeIgniter\View\{closure}()
 4 SYSTEMPATH\Common.php(1188): CodeIgniter\View\View->render('admin', [], true)
 5 APPPATH\Controllers\MainController.php(14): view('admin')
 6 SYSTEMPATH\CodeIgniter.php(919): App\Controllers\MainController->admin()
 7 SYSTEMPATH\CodeIgniter.php(494): CodeIgniter\CodeIgniter->runController(Object(App\Controllers\MainController))
 8 SYSTEMPATH\CodeIgniter.php(353): CodeIgniter\CodeIgniter->handleRequest(null, Object(Config\Cache), false)
 9 FCPATH\index.php(79): CodeIgniter\CodeIgniter->run()
10 SYSTEMPATH\Commands\Server\rewrite.php(47): require_once('D:\\laragon\\www\\laboratory3\\public\\index.php')
CRITICAL - 2023-10-01 11:38:59 --> Undefined variable $products
in APPPATH\Views\admin.php on line 93.
 1 APPPATH\Views\admin.php(93): CodeIgniter\Debug\Exceptions->errorHandler(2, 'Undefined variable $products', 'D:\\laragon\\www\\laboratory3\\app\\Views\\admin.php', 93)
 2 SYSTEMPATH\View\View.php(226): include('D:\\laragon\\www\\laboratory3\\app\\Views\\admin.php')
 3 SYSTEMPATH\View\View.php(229): CodeIgniter\View\View->CodeIgniter\View\{closure}()
 4 SYSTEMPATH\Common.php(1188): CodeIgniter\View\View->render('admin', [], true)
 5 APPPATH\Controllers\MainController.php(14): view('admin')
 6 SYSTEMPATH\CodeIgniter.php(919): App\Controllers\MainController->admin()
 7 SYSTEMPATH\CodeIgniter.php(494): CodeIgniter\CodeIgniter->runController(Object(App\Controllers\MainController))
 8 SYSTEMPATH\CodeIgniter.php(353): CodeIgniter\CodeIgniter->handleRequest(null, Object(Config\Cache), false)
 9 FCPATH\index.php(79): CodeIgniter\CodeIgniter->run()
10 SYSTEMPATH\Commands\Server\rewrite.php(47): require_once('D:\\laragon\\www\\laboratory3\\public\\index.php')
CRITICAL - 2023-10-01 11:40:34 --> Cannot redeclare App\Controllers\MainController::index()
in APPPATH\Controllers\MainController.php on line 133.
 1 [internal function]: CodeIgniter\Debug\Exceptions->shutdownHandler()
CRITICAL - 2023-10-01 11:40:46 --> Undefined variable $products
in APPPATH\Views\admin.php on line 93.
 1 APPPATH\Views\admin.php(93): CodeIgniter\Debug\Exceptions->errorHandler(2, 'Undefined variable $products', 'D:\\laragon\\www\\laboratory3\\app\\Views\\admin.php', 93)
 2 SYSTEMPATH\View\View.php(226): include('D:\\laragon\\www\\laboratory3\\app\\Views\\admin.php')
 3 SYSTEMPATH\View\View.php(229): CodeIgniter\View\View->CodeIgniter\View\{closure}()
 4 SYSTEMPATH\Common.php(1188): CodeIgniter\View\View->render('admin', [], true)
 5 APPPATH\Controllers\MainController.php(26): view('admin')
 6 SYSTEMPATH\CodeIgniter.php(919): App\Controllers\MainController->admin()
 7 SYSTEMPATH\CodeIgniter.php(494): CodeIgniter\CodeIgniter->runController(Object(App\Controllers\MainController))
 8 SYSTEMPATH\CodeIgniter.php(353): CodeIgniter\CodeIgniter->handleRequest(null, Object(Config\Cache), false)
 9 FCPATH\index.php(79): CodeIgniter\CodeIgniter->run()
10 SYSTEMPATH\Commands\Server\rewrite.php(47): require_once('D:\\laragon\\www\\laboratory3\\public\\index.php')
CRITICAL - 2023-10-01 11:41:40 --> Cannot redeclare App\Controllers\MainController::admin()
in APPPATH\Controllers\MainController.php on line 23.
 1 [internal function]: CodeIgniter\Debug\Exceptions->shutdownHandler()
CRITICAL - 2023-10-01 11:42:10 --> Class "App\Controllers\ProductModel" not found
in APPPATH\Controllers\MainController.php on line 14.
 1 SYSTEMPATH\CodeIgniter.php(919): App\Controllers\MainController->admin()
 2 SYSTEMPATH\CodeIgniter.php(494): CodeIgniter\CodeIgniter->runController(Object(App\Controllers\MainController))
 3 SYSTEMPATH\CodeIgniter.php(353): CodeIgniter\CodeIgniter->handleRequest(null, Object(Config\Cache), false)
 4 FCPATH\index.php(79): CodeIgniter\CodeIgniter->run()
 5 SYSTEMPATH\Commands\Server\rewrite.php(47): require_once('D:\\laragon\\www\\laboratory3\\public\\index.php')
CRITICAL - 2023-10-01 11:42:31 --> Class "App\Controllers\ProductModel" not found
in APPPATH\Controllers\MainController.php on line 15.
 1 SYSTEMPATH\CodeIgniter.php(919): App\Controllers\MainController->admin()
 2 SYSTEMPATH\CodeIgniter.php(494): CodeIgniter\CodeIgniter->runController(Object(App\Controllers\MainController))
 3 SYSTEMPATH\CodeIgniter.php(353): CodeIgniter\CodeIgniter->handleRequest(null, Object(Config\Cache), false)
 4 FCPATH\index.php(79): CodeIgniter\CodeIgniter->run()
 5 SYSTEMPATH\Commands\Server\rewrite.php(47): require_once('D:\\laragon\\www\\laboratory3\\public\\index.php')
CRITICAL - 2023-10-01 13:58:59 --> Undefined variable $active
in APPPATH\Views\include\adminSidebar.php on line 35.
 1 APPPATH\Views\include\adminSidebar.php(35): CodeIgniter\Debug\Exceptions->errorHandler(2, 'Undefined variable $active', 'D:\\laragon\\www\\laboratory3\\app\\Views\\include\\adminSidebar.php', 35)
 2 SYSTEMPATH\View\View.php(226): include('D:\\laragon\\www\\laboratory3\\app\\Views\\include\\adminSidebar.php')
 3 SYSTEMPATH\View\View.php(229): CodeIgniter\View\View->CodeIgniter\View\{closure}()
 4 SYSTEMPATH\View\View.php(467): CodeIgniter\View\View->render('include/adminSidebar', null, true)
 5 APPPATH\Views\admin.php(5): CodeIgniter\View\View->include('include/adminSidebar')
 6 SYSTEMPATH\View\View.php(226): include('D:\\laragon\\www\\laboratory3\\app\\Views\\admin.php')
 7 SYSTEMPATH\View\View.php(229): CodeIgniter\View\View->CodeIgniter\View\{closure}()
 8 SYSTEMPATH\Common.php(1188): CodeIgniter\View\View->render('admin', [], true)
 9 APPPATH\Controllers\MainController.php(21): view('admin', [...])
10 SYSTEMPATH\CodeIgniter.php(919): App\Controllers\MainController->admin()
11 SYSTEMPATH\CodeIgniter.php(494): CodeIgniter\CodeIgniter->runController(Object(App\Controllers\MainController))
12 SYSTEMPATH\CodeIgniter.php(353): CodeIgniter\CodeIgniter->handleRequest(null, Object(Config\Cache), false)
13 FCPATH\index.php(79): CodeIgniter\CodeIgniter->run()
14 SYSTEMPATH\Commands\Server\rewrite.php(47): require_once('D:\\laragon\\www\\laboratory3\\public\\index.php')
CRITICAL - 2023-10-01 14:01:11 --> Undefined variable $active
in APPPATH\Views\include\adminSidebar.php on line 35.
 1 APPPATH\Views\include\adminSidebar.php(35): CodeIgniter\Debug\Exceptions->errorHandler(2, 'Undefined variable $active', 'D:\\laragon\\www\\laboratory3\\app\\Views\\include\\adminSidebar.php', 35)
 2 SYSTEMPATH\View\View.php(226): include('D:\\laragon\\www\\laboratory3\\app\\Views\\include\\adminSidebar.php')
 3 SYSTEMPATH\View\View.php(229): CodeIgniter\View\View->CodeIgniter\View\{closure}()
 4 SYSTEMPATH\View\View.php(467): CodeIgniter\View\View->render('include/adminSidebar', null, true)
 5 APPPATH\Views\admin.php(5): CodeIgniter\View\View->include('include/adminSidebar')
 6 SYSTEMPATH\View\View.php(226): include('D:\\laragon\\www\\laboratory3\\app\\Views\\admin.php')
 7 SYSTEMPATH\View\View.php(229): CodeIgniter\View\View->CodeIgniter\View\{closure}()
 8 SYSTEMPATH\Common.php(1188): CodeIgniter\View\View->render('admin', [], true)
 9 APPPATH\Controllers\MainController.php(21): view('admin', [...])
10 SYSTEMPATH\CodeIgniter.php(919): App\Controllers\MainController->admin()
11 SYSTEMPATH\CodeIgniter.php(494): CodeIgniter\CodeIgniter->runController(Object(App\Controllers\MainController))
12 SYSTEMPATH\CodeIgniter.php(353): CodeIgniter\CodeIgniter->handleRequest(null, Object(Config\Cache), false)
13 FCPATH\index.php(79): CodeIgniter\CodeIgniter->run()
14 SYSTEMPATH\Commands\Server\rewrite.php(47): require_once('D:\\laragon\\www\\laboratory3\\public\\index.php')
CRITICAL - 2023-10-01 14:27:17 --> Call to undefined method App\Controllers\MainController::getUser()
in APPPATH\Controllers\MainController.php on line 53.
 1 SYSTEMPATH\CodeIgniter.php(919): App\Controllers\MainController->login()
 2 SYSTEMPATH\CodeIgniter.php(494): CodeIgniter\CodeIgniter->runController(Object(App\Controllers\MainController))
 3 SYSTEMPATH\CodeIgniter.php(353): CodeIgniter\CodeIgniter->handleRequest(null, Object(Config\Cache), false)
 4 FCPATH\index.php(79): CodeIgniter\CodeIgniter->run()
 5 SYSTEMPATH\Commands\Server\rewrite.php(47): require_once('D:\\laragon\\www\\laboratory3\\public\\index.php')
CRITICAL - 2023-10-01 14:29:58 --> Call to undefined method App\Models\UserModel::getUserByEmailOrUsername
in SYSTEMPATH\Model.php on line 873.
 1 APPPATH\Controllers\MainController.php(60): CodeIgniter\Model->__call('getUserByEmailOrUsername', [...])
 2 SYSTEMPATH\CodeIgniter.php(919): App\Controllers\MainController->login()
 3 SYSTEMPATH\CodeIgniter.php(494): CodeIgniter\CodeIgniter->runController(Object(App\Controllers\MainController))
 4 SYSTEMPATH\CodeIgniter.php(353): CodeIgniter\CodeIgniter->handleRequest(null, Object(Config\Cache), false)
 5 FCPATH\index.php(79): CodeIgniter\CodeIgniter->run()
 6 SYSTEMPATH\Commands\Server\rewrite.php(47): require_once('D:\\laragon\\www\\laboratory3\\public\\index.php')
CRITICAL - 2023-10-01 14:31:41 --> Undefined property: App\Controllers\MainController::$userModel
in APPPATH\Controllers\MainController.php on line 54.
 1 APPPATH\Controllers\MainController.php(54): CodeIgniter\Debug\Exceptions->errorHandler(2, 'Undefined property: App\\Controllers\\MainController::$userModel', 'D:\\laragon\\www\\laboratory3\\app\\Controllers\\MainController.php', 54)
 2 SYSTEMPATH\CodeIgniter.php(919): App\Controllers\MainController->login()
 3 SYSTEMPATH\CodeIgniter.php(494): CodeIgniter\CodeIgniter->runController(Object(App\Controllers\MainController))
 4 SYSTEMPATH\CodeIgniter.php(353): CodeIgniter\CodeIgniter->handleRequest(null, Object(Config\Cache), false)
 5 FCPATH\index.php(79): CodeIgniter\CodeIgniter->run()
 6 SYSTEMPATH\Commands\Server\rewrite.php(47): require_once('D:\\laragon\\www\\laboratory3\\public\\index.php')
CRITICAL - 2023-10-01 14:33:10 --> syntax error, unexpected token "public", expecting end of file
in APPPATH\Models\UserModel.php on line 43.
 1 SYSTEMPATH\Autoloader\Autoloader.php(285): CodeIgniter\Autoloader\Autoloader->includeFile('D:\\laragon\\www\\laboratory3\\app\\Models\\UserModel.php')
 2 SYSTEMPATH\Autoloader\Autoloader.php(263): CodeIgniter\Autoloader\Autoloader->loadInNamespace('App\\Models\\UserModel')
 3 APPPATH\Controllers\MainController.php(55): CodeIgniter\Autoloader\Autoloader->loadClass('App\\Models\\UserModel')
 4 SYSTEMPATH\CodeIgniter.php(919): App\Controllers\MainController->login()
 5 SYSTEMPATH\CodeIgniter.php(494): CodeIgniter\CodeIgniter->runController(Object(App\Controllers\MainController))
 6 SYSTEMPATH\CodeIgniter.php(353): CodeIgniter\CodeIgniter->handleRequest(null, Object(Config\Cache), false)
 7 FCPATH\index.php(79): CodeIgniter\CodeIgniter->run()
 8 SYSTEMPATH\Commands\Server\rewrite.php(47): require_once('D:\\laragon\\www\\laboratory3\\public\\index.php')
CRITICAL - 2023-10-01 14:41:22 --> Undefined variable $products
in APPPATH\Views\include\adminProducts.php on line 16.
 1 APPPATH\Views\include\adminProducts.php(16): CodeIgniter\Debug\Exceptions->errorHandler(2, 'Undefined variable $products', 'D:\\laragon\\www\\laboratory3\\app\\Views\\include\\adminProducts.php', 16)
 2 SYSTEMPATH\View\View.php(226): include('D:\\laragon\\www\\laboratory3\\app\\Views\\include\\adminProducts.php')
 3 SYSTEMPATH\View\View.php(229): CodeIgniter\View\View->CodeIgniter\View\{closure}()
 4 SYSTEMPATH\View\View.php(467): CodeIgniter\View\View->render('include/adminProducts', null, true)
 5 APPPATH\Views\admin.php(9): CodeIgniter\View\View->include('include/adminProducts')
 6 SYSTEMPATH\View\View.php(226): include('D:\\laragon\\www\\laboratory3\\app\\Views\\admin.php')
 7 SYSTEMPATH\View\View.php(229): CodeIgniter\View\View->CodeIgniter\View\{closure}()
 8 SYSTEMPATH\Common.php(1188): CodeIgniter\View\View->render('admin', [], true)
 9 APPPATH\Controllers\MainController.php(62): view('admin')
10 SYSTEMPATH\CodeIgniter.php(919): App\Controllers\MainController->login()
11 SYSTEMPATH\CodeIgniter.php(494): CodeIgniter\CodeIgniter->runController(Object(App\Controllers\MainController))
12 SYSTEMPATH\CodeIgniter.php(353): CodeIgniter\CodeIgniter->handleRequest(null, Object(Config\Cache), false)
13 FCPATH\index.php(79): CodeIgniter\CodeIgniter->run()
14 SYSTEMPATH\Commands\Server\rewrite.php(47): require_once('D:\\laragon\\www\\laboratory3\\public\\index.php')
CRITICAL - 2023-10-01 14:45:34 --> Undefined variable $products
in APPPATH\Views\include\adminProducts.php on line 16.
 1 APPPATH\Views\include\adminProducts.php(16): CodeIgniter\Debug\Exceptions->errorHandler(2, 'Undefined variable $products', 'D:\\laragon\\www\\laboratory3\\app\\Views\\include\\adminProducts.php', 16)
 2 SYSTEMPATH\View\View.php(226): include('D:\\laragon\\www\\laboratory3\\app\\Views\\include\\adminProducts.php')
 3 SYSTEMPATH\View\View.php(229): CodeIgniter\View\View->CodeIgniter\View\{closure}()
 4 SYSTEMPATH\View\View.php(467): CodeIgniter\View\View->render('include/adminProducts', null, true)
 5 APPPATH\Views\admin.php(9): CodeIgniter\View\View->include('include/adminProducts')
 6 SYSTEMPATH\View\View.php(226): include('D:\\laragon\\www\\laboratory3\\app\\Views\\admin.php')
 7 SYSTEMPATH\View\View.php(229): CodeIgniter\View\View->CodeIgniter\View\{closure}()
 8 SYSTEMPATH\Common.php(1188): CodeIgniter\View\View->render('admin', [], true)
 9 APPPATH\Controllers\MainController.php(62): view('admin')
10 SYSTEMPATH\CodeIgniter.php(919): App\Controllers\MainController->login()
11 SYSTEMPATH\CodeIgniter.php(494): CodeIgniter\CodeIgniter->runController(Object(App\Controllers\MainController))
12 SYSTEMPATH\CodeIgniter.php(353): CodeIgniter\CodeIgniter->handleRequest(null, Object(Config\Cache), false)
13 FCPATH\index.php(79): CodeIgniter\CodeIgniter->run()
14 SYSTEMPATH\Commands\Server\rewrite.php(47): require_once('D:\\laragon\\www\\laboratory3\\public\\index.php')
CRITICAL - 2023-10-01 14:47:33 --> Undefined variable $products
in APPPATH\Views\include\adminProducts.php on line 16.
 1 APPPATH\Views\include\adminProducts.php(16): CodeIgniter\Debug\Exceptions->errorHandler(2, 'Undefined variable $products', 'D:\\laragon\\www\\laboratory3\\app\\Views\\include\\adminProducts.php', 16)
 2 SYSTEMPATH\View\View.php(226): include('D:\\laragon\\www\\laboratory3\\app\\Views\\include\\adminProducts.php')
 3 SYSTEMPATH\View\View.php(229): CodeIgniter\View\View->CodeIgniter\View\{closure}()
 4 SYSTEMPATH\View\View.php(467): CodeIgniter\View\View->render('include/adminProducts', null, true)
 5 APPPATH\Views\admin.php(9): CodeIgniter\View\View->include('include/adminProducts')
 6 SYSTEMPATH\View\View.php(226): include('D:\\laragon\\www\\laboratory3\\app\\Views\\admin.php')
 7 SYSTEMPATH\View\View.php(229): CodeIgniter\View\View->CodeIgniter\View\{closure}()
 8 SYSTEMPATH\Common.php(1188): CodeIgniter\View\View->render('admin', [], true)
 9 APPPATH\Controllers\MainController.php(63): view('admin')
10 SYSTEMPATH\CodeIgniter.php(919): App\Controllers\MainController->login()
11 SYSTEMPATH\CodeIgniter.php(494): CodeIgniter\CodeIgniter->runController(Object(App\Controllers\MainController))
12 SYSTEMPATH\CodeIgniter.php(353): CodeIgniter\CodeIgniter->handleRequest(null, Object(Config\Cache), false)
13 FCPATH\index.php(79): CodeIgniter\CodeIgniter->run()
14 SYSTEMPATH\Commands\Server\rewrite.php(47): require_once('D:\\laragon\\www\\laboratory3\\public\\index.php')
CRITICAL - 2023-10-01 14:50:49 --> Undefined variable $products
in APPPATH\Views\include\adminProducts.php on line 16.
 1 APPPATH\Views\include\adminProducts.php(16): CodeIgniter\Debug\Exceptions->errorHandler(2, 'Undefined variable $products', 'D:\\laragon\\www\\laboratory3\\app\\Views\\include\\adminProducts.php', 16)
 2 SYSTEMPATH\View\View.php(226): include('D:\\laragon\\www\\laboratory3\\app\\Views\\include\\adminProducts.php')
 3 SYSTEMPATH\View\View.php(229): CodeIgniter\View\View->CodeIgniter\View\{closure}()
 4 SYSTEMPATH\View\View.php(467): CodeIgniter\View\View->render('include/adminProducts', null, true)
 5 APPPATH\Views\admin.php(9): CodeIgniter\View\View->include('include/adminProducts')
 6 SYSTEMPATH\View\View.php(226): include('D:\\laragon\\www\\laboratory3\\app\\Views\\admin.php')
 7 SYSTEMPATH\View\View.php(229): CodeIgniter\View\View->CodeIgniter\View\{closure}()
 8 SYSTEMPATH\Common.php(1188): CodeIgniter\View\View->render('admin', [], true)
 9 APPPATH\Controllers\MainController.php(28): view('admin')
10 APPPATH\Controllers\MainController.php(63): App\Controllers\MainController->Showadmin()
11 SYSTEMPATH\CodeIgniter.php(919): App\Controllers\MainController->login()
12 SYSTEMPATH\CodeIgniter.php(494): CodeIgniter\CodeIgniter->runController(Object(App\Controllers\MainController))
13 SYSTEMPATH\CodeIgniter.php(353): CodeIgniter\CodeIgniter->handleRequest(null, Object(Config\Cache), false)
14 FCPATH\index.php(79): CodeIgniter\CodeIgniter->run()
15 SYSTEMPATH\Commands\Server\rewrite.php(47): require_once('D:\\laragon\\www\\laboratory3\\public\\index.php')
CRITICAL - 2023-10-01 15:03:24 --> Undefined variable $products
in APPPATH\Views\include\adminProducts.php on line 16.
 1 APPPATH\Views\include\adminProducts.php(16): CodeIgniter\Debug\Exceptions->errorHandler(2, 'Undefined variable $products', 'D:\\laragon\\www\\laboratory3\\app\\Views\\include\\adminProducts.php', 16)
 2 SYSTEMPATH\View\View.php(226): include('D:\\laragon\\www\\laboratory3\\app\\Views\\include\\adminProducts.php')
 3 SYSTEMPATH\View\View.php(229): CodeIgniter\View\View->CodeIgniter\View\{closure}()
 4 SYSTEMPATH\View\View.php(467): CodeIgniter\View\View->render('include/adminProducts', null, true)
 5 APPPATH\Views\admin.php(9): CodeIgniter\View\View->include('include/adminProducts')
 6 SYSTEMPATH\View\View.php(226): include('D:\\laragon\\www\\laboratory3\\app\\Views\\admin.php')
 7 SYSTEMPATH\View\View.php(229): CodeIgniter\View\View->CodeIgniter\View\{closure}()
 8 SYSTEMPATH\Common.php(1188): CodeIgniter\View\View->render('admin', [], true)
 9 APPPATH\Controllers\MainController.php(25): view('admin')
10 APPPATH\Controllers\MainController.php(68): App\Controllers\MainController->Showadmin()
11 SYSTEMPATH\CodeIgniter.php(919): App\Controllers\MainController->login()
12 SYSTEMPATH\CodeIgniter.php(494): CodeIgniter\CodeIgniter->runController(Object(App\Controllers\MainController))
13 SYSTEMPATH\CodeIgniter.php(353): CodeIgniter\CodeIgniter->handleRequest(null, Object(Config\Cache), false)
14 FCPATH\index.php(79): CodeIgniter\CodeIgniter->run()
15 SYSTEMPATH\Commands\Server\rewrite.php(47): require_once('D:\\laragon\\www\\laboratory3\\public\\index.php')
CRITICAL - 2023-10-01 15:04:52 --> syntax error, unexpected end of file
in APPPATH\Config\Routes.php on line 17.
 1 SYSTEMPATH\CodeIgniter.php(787): CodeIgniter\Router\RouteCollection->loadRoutes()
 2 SYSTEMPATH\CodeIgniter.php(442): CodeIgniter\CodeIgniter->tryToRouteIt(null)
 3 SYSTEMPATH\CodeIgniter.php(353): CodeIgniter\CodeIgniter->handleRequest(null, Object(Config\Cache), false)
 4 FCPATH\index.php(79): CodeIgniter\CodeIgniter->run()
 5 SYSTEMPATH\Commands\Server\rewrite.php(47): require_once('D:\\laragon\\www\\laboratory3\\public\\index.php')
CRITICAL - 2023-10-01 15:05:06 --> Undefined variable $products
in APPPATH\Views\include\adminProducts.php on line 16.
 1 APPPATH\Views\include\adminProducts.php(16): CodeIgniter\Debug\Exceptions->errorHandler(2, 'Undefined variable $products', 'D:\\laragon\\www\\laboratory3\\app\\Views\\include\\adminProducts.php', 16)
 2 SYSTEMPATH\View\View.php(226): include('D:\\laragon\\www\\laboratory3\\app\\Views\\include\\adminProducts.php')
 3 SYSTEMPATH\View\View.php(229): CodeIgniter\View\View->CodeIgniter\View\{closure}()
 4 SYSTEMPATH\View\View.php(467): CodeIgniter\View\View->render('include/adminProducts', null, true)
 5 APPPATH\Views\admin.php(9): CodeIgniter\View\View->include('include/adminProducts')
 6 SYSTEMPATH\View\View.php(226): include('D:\\laragon\\www\\laboratory3\\app\\Views\\admin.php')
 7 SYSTEMPATH\View\View.php(229): CodeIgniter\View\View->CodeIgniter\View\{closure}()
 8 SYSTEMPATH\Common.php(1188): CodeIgniter\View\View->render('admin', [], true)
 9 APPPATH\Controllers\MainController.php(25): view('admin')
10 APPPATH\Controllers\MainController.php(68): App\Controllers\MainController->Showadmin()
11 SYSTEMPATH\CodeIgniter.php(919): App\Controllers\MainController->login()
12 SYSTEMPATH\CodeIgniter.php(494): CodeIgniter\CodeIgniter->runController(Object(App\Controllers\MainController))
13 SYSTEMPATH\CodeIgniter.php(353): CodeIgniter\CodeIgniter->handleRequest(null, Object(Config\Cache), false)
14 FCPATH\index.php(79): CodeIgniter\CodeIgniter->run()
15 SYSTEMPATH\Commands\Server\rewrite.php(47): require_once('D:\\laragon\\www\\laboratory3\\public\\index.php')
CRITICAL - 2023-10-01 15:07:12 --> Undefined variable $products
in APPPATH\Views\include\adminProducts.php on line 16.
 1 APPPATH\Views\include\adminProducts.php(16): CodeIgniter\Debug\Exceptions->errorHandler(2, 'Undefined variable $products', 'D:\\laragon\\www\\laboratory3\\app\\Views\\include\\adminProducts.php', 16)
 2 SYSTEMPATH\View\View.php(226): include('D:\\laragon\\www\\laboratory3\\app\\Views\\include\\adminProducts.php')
 3 SYSTEMPATH\View\View.php(229): CodeIgniter\View\View->CodeIgniter\View\{closure}()
 4 SYSTEMPATH\View\View.php(467): CodeIgniter\View\View->render('include/adminProducts', null, true)
 5 APPPATH\Views\admin.php(9): CodeIgniter\View\View->include('include/adminProducts')
 6 SYSTEMPATH\View\View.php(226): include('D:\\laragon\\www\\laboratory3\\app\\Views\\admin.php')
 7 SYSTEMPATH\View\View.php(229): CodeIgniter\View\View->CodeIgniter\View\{closure}()
 8 SYSTEMPATH\Common.php(1188): CodeIgniter\View\View->render('admin', [], true)
 9 APPPATH\Controllers\MainController.php(25): view('admin')
10 APPPATH\Controllers\MainController.php(64): App\Controllers\MainController->Showadmin()
11 SYSTEMPATH\CodeIgniter.php(919): App\Controllers\MainController->login()
12 SYSTEMPATH\CodeIgniter.php(494): CodeIgniter\CodeIgniter->runController(Object(App\Controllers\MainController))
13 SYSTEMPATH\CodeIgniter.php(353): CodeIgniter\CodeIgniter->handleRequest(null, Object(Config\Cache), false)
14 FCPATH\index.php(79): CodeIgniter\CodeIgniter->run()
15 SYSTEMPATH\Commands\Server\rewrite.php(47): require_once('D:\\laragon\\www\\laboratory3\\public\\index.php')
CRITICAL - 2023-10-01 15:30:24 --> Undefined variable $products
in APPPATH\Views\include\adminProducts.php on line 16.
 1 APPPATH\Views\include\adminProducts.php(16): CodeIgniter\Debug\Exceptions->errorHandler(2, 'Undefined variable $products', 'D:\\laragon\\www\\laboratory3\\app\\Views\\include\\adminProducts.php', 16)
 2 SYSTEMPATH\View\View.php(226): include('D:\\laragon\\www\\laboratory3\\app\\Views\\include\\adminProducts.php')
 3 SYSTEMPATH\View\View.php(229): CodeIgniter\View\View->CodeIgniter\View\{closure}()
 4 SYSTEMPATH\View\View.php(467): CodeIgniter\View\View->render('include/adminProducts', null, true)
 5 APPPATH\Views\admin.php(9): CodeIgniter\View\View->include('include/adminProducts')
 6 SYSTEMPATH\View\View.php(226): include('D:\\laragon\\www\\laboratory3\\app\\Views\\admin.php')
 7 SYSTEMPATH\View\View.php(229): CodeIgniter\View\View->CodeIgniter\View\{closure}()
 8 SYSTEMPATH\Common.php(1188): CodeIgniter\View\View->render('admin', [], true)
 9 APPPATH\Controllers\MainController.php(27): view('admin')
10 APPPATH\Controllers\MainController.php(67): App\Controllers\MainController->Showadmin()
11 SYSTEMPATH\CodeIgniter.php(919): App\Controllers\MainController->login()
12 SYSTEMPATH\CodeIgniter.php(494): CodeIgniter\CodeIgniter->runController(Object(App\Controllers\MainController))
13 SYSTEMPATH\CodeIgniter.php(353): CodeIgniter\CodeIgniter->handleRequest(null, Object(Config\Cache), false)
14 FCPATH\index.php(79): CodeIgniter\CodeIgniter->run()
15 SYSTEMPATH\Commands\Server\rewrite.php(47): require_once('D:\\laragon\\www\\laboratory3\\public\\index.php')
CRITICAL - 2023-10-01 15:39:33 --> Invalid file: "include/AddProducts.php"
in SYSTEMPATH\Exceptions\FrameworkException.php on line 39.
 1 SYSTEMPATH\View\View.php(214): CodeIgniter\Exceptions\FrameworkException::forInvalidFile('include/AddProducts.php')
 2 SYSTEMPATH\View\View.php(467): CodeIgniter\View\View->render('include/AddProducts', null, true)
 3 APPPATH\Views\include\AddProduct.php(11): CodeIgniter\View\View->include('include/AddProducts')
 4 SYSTEMPATH\View\View.php(226): include('D:\\laragon\\www\\laboratory3\\app\\Views\\include\\AddProduct.php')
 5 SYSTEMPATH\View\View.php(229): CodeIgniter\View\View->CodeIgniter\View\{closure}()
 6 SYSTEMPATH\Common.php(1188): CodeIgniter\View\View->render('include/AddProduct', [], true)
 7 APPPATH\Controllers\MainController.php(39): view('include/AddProduct', [...])
 8 SYSTEMPATH\CodeIgniter.php(919): App\Controllers\MainController->displayaddproduct()
 9 SYSTEMPATH\CodeIgniter.php(494): CodeIgniter\CodeIgniter->runController(Object(App\Controllers\MainController))
10 SYSTEMPATH\CodeIgniter.php(353): CodeIgniter\CodeIgniter->handleRequest(null, Object(Config\Cache), false)
11 FCPATH\index.php(79): CodeIgniter\CodeIgniter->run()
12 SYSTEMPATH\Commands\Server\rewrite.php(47): require_once('D:\\laragon\\www\\laboratory3\\public\\index.php')
CRITICAL - 2023-10-01 16:20:09 --> Undefined property: App\Controllers\MainController::$productRules
in APPPATH\Controllers\MainController.php on line 15.
 1 APPPATH\Controllers\MainController.php(15): CodeIgniter\Debug\Exceptions->errorHandler(2, 'Undefined property: App\\Controllers\\MainController::$productRules', 'D:\\laragon\\www\\laboratory3\\app\\Controllers\\MainController.php', 15)
 2 SYSTEMPATH\CodeIgniter.php(919): App\Controllers\MainController->save_product()
 3 SYSTEMPATH\CodeIgniter.php(494): CodeIgniter\CodeIgniter->runController(Object(App\Controllers\MainController))
 4 SYSTEMPATH\CodeIgniter.php(353): CodeIgniter\CodeIgniter->handleRequest(null, Object(Config\Cache), false)
 5 FCPATH\index.php(79): CodeIgniter\CodeIgniter->run()
 6 SYSTEMPATH\Commands\Server\rewrite.php(47): require_once('D:\\laragon\\www\\laboratory3\\public\\index.php')
CRITICAL - 2023-10-01 16:22:54 --> Undefined constant "base_url"
in APPPATH\Views\include\AddProduct.php on line 9.
 1 SYSTEMPATH\View\View.php(226): include()
 2 SYSTEMPATH\View\View.php(229): CodeIgniter\View\View->CodeIgniter\View\{closure}()
 3 SYSTEMPATH\Common.php(1188): CodeIgniter\View\View->render('include/AddProduct', [], true)
 4 APPPATH\Controllers\MainController.php(82): view('include/AddProduct', [...])
 5 SYSTEMPATH\CodeIgniter.php(919): App\Controllers\MainController->displayaddproduct()
 6 SYSTEMPATH\CodeIgniter.php(494): CodeIgniter\CodeIgniter->runController(Object(App\Controllers\MainController))
 7 SYSTEMPATH\CodeIgniter.php(353): CodeIgniter\CodeIgniter->handleRequest(null, Object(Config\Cache), false)
 8 FCPATH\index.php(79): CodeIgniter\CodeIgniter->run()
 9 SYSTEMPATH\Commands\Server\rewrite.php(47): require_once('D:\\laragon\\www\\laboratory3\\public\\index.php')
CRITICAL - 2023-10-01 16:34:03 --> Call to a member function isValid() on null
in APPPATH\Controllers\MainController.php on line 25.
 1 SYSTEMPATH\CodeIgniter.php(919): App\Controllers\MainController->save()
 2 SYSTEMPATH\CodeIgniter.php(494): CodeIgniter\CodeIgniter->runController(Object(App\Controllers\MainController))
 3 SYSTEMPATH\CodeIgniter.php(353): CodeIgniter\CodeIgniter->handleRequest(null, Object(Config\Cache), false)
 4 FCPATH\index.php(79): CodeIgniter\CodeIgniter->run()
 5 SYSTEMPATH\Commands\Server\rewrite.php(47): require_once('D:\\laragon\\www\\laboratory3\\public\\index.php')
CRITICAL - 2023-10-01 16:59:35 --> Undefined variable $productModel
in APPPATH\Controllers\MainController.php on line 213.
 1 APPPATH\Controllers\MainController.php(213): CodeIgniter\Debug\Exceptions->errorHandler(2, 'Undefined variable $productModel', 'D:\\laragon\\www\\laboratory3\\app\\Controllers\\MainController.php', 213)
 2 SYSTEMPATH\CodeIgniter.php(919): App\Controllers\MainController->test()
 3 SYSTEMPATH\CodeIgniter.php(494): CodeIgniter\CodeIgniter->runController(Object(App\Controllers\MainController))
 4 SYSTEMPATH\CodeIgniter.php(353): CodeIgniter\CodeIgniter->handleRequest(null, Object(Config\Cache), false)
 5 FCPATH\index.php(79): CodeIgniter\CodeIgniter->run()
 6 SYSTEMPATH\Commands\Server\rewrite.php(47): require_once('D:\\laragon\\www\\laboratory3\\public\\index.php')
CRITICAL - 2023-10-01 16:59:36 --> Undefined variable $productModel
in APPPATH\Controllers\MainController.php on line 213.
 1 APPPATH\Controllers\MainController.php(213): CodeIgniter\Debug\Exceptions->errorHandler(2, 'Undefined variable $productModel', 'D:\\laragon\\www\\laboratory3\\app\\Controllers\\MainController.php', 213)
 2 SYSTEMPATH\CodeIgniter.php(919): App\Controllers\MainController->test()
 3 SYSTEMPATH\CodeIgniter.php(494): CodeIgniter\CodeIgniter->runController(Object(App\Controllers\MainController))
 4 SYSTEMPATH\CodeIgniter.php(353): CodeIgniter\CodeIgniter->handleRequest(null, Object(Config\Cache), false)
 5 FCPATH\index.php(79): CodeIgniter\CodeIgniter->run()
 6 SYSTEMPATH\Commands\Server\rewrite.php(47): require_once('D:\\laragon\\www\\laboratory3\\public\\index.php')
CRITICAL - 2023-10-01 16:59:55 --> Undefined variable $ProductsModel
in APPPATH\Controllers\MainController.php on line 213.
 1 APPPATH\Controllers\MainController.php(213): CodeIgniter\Debug\Exceptions->errorHandler(2, 'Undefined variable $ProductsModel', 'D:\\laragon\\www\\laboratory3\\app\\Controllers\\MainController.php', 213)
 2 SYSTEMPATH\CodeIgniter.php(919): App\Controllers\MainController->test()
 3 SYSTEMPATH\CodeIgniter.php(494): CodeIgniter\CodeIgniter->runController(Object(App\Controllers\MainController))
 4 SYSTEMPATH\CodeIgniter.php(353): CodeIgniter\CodeIgniter->handleRequest(null, Object(Config\Cache), false)
 5 FCPATH\index.php(79): CodeIgniter\CodeIgniter->run()
 6 SYSTEMPATH\Commands\Server\rewrite.php(47): require_once('D:\\laragon\\www\\laboratory3\\public\\index.php')
CRITICAL - 2023-10-01 17:00:14 --> Undefined variable $ProductsModel
in APPPATH\Controllers\MainController.php on line 213.
 1 APPPATH\Controllers\MainController.php(213): CodeIgniter\Debug\Exceptions->errorHandler(2, 'Undefined variable $ProductsModel', 'D:\\laragon\\www\\laboratory3\\app\\Controllers\\MainController.php', 213)
 2 SYSTEMPATH\CodeIgniter.php(919): App\Controllers\MainController->test()
 3 SYSTEMPATH\CodeIgniter.php(494): CodeIgniter\CodeIgniter->runController(Object(App\Controllers\MainController))
 4 SYSTEMPATH\CodeIgniter.php(353): CodeIgniter\CodeIgniter->handleRequest(null, Object(Config\Cache), false)
 5 FCPATH\index.php(79): CodeIgniter\CodeIgniter->run()
 6 SYSTEMPATH\Commands\Server\rewrite.php(47): require_once('D:\\laragon\\www\\laboratory3\\public\\index.php')
CRITICAL - 2023-10-01 17:01:01 --> Invalid file: "test.php"
in SYSTEMPATH\Exceptions\FrameworkException.php on line 39.
 1 SYSTEMPATH\View\View.php(214): CodeIgniter\Exceptions\FrameworkException::forInvalidFile('test.php')
 2 SYSTEMPATH\Common.php(1188): CodeIgniter\View\View->render('test', [], true)
 3 APPPATH\Controllers\MainController.php(218): view('test')
 4 SYSTEMPATH\CodeIgniter.php(919): App\Controllers\MainController->test()
 5 SYSTEMPATH\CodeIgniter.php(494): CodeIgniter\CodeIgniter->runController(Object(App\Controllers\MainController))
 6 SYSTEMPATH\CodeIgniter.php(353): CodeIgniter\CodeIgniter->handleRequest(null, Object(Config\Cache), false)
 7 FCPATH\index.php(79): CodeIgniter\CodeIgniter->run()
 8 SYSTEMPATH\Commands\Server\rewrite.php(47): require_once('D:\\laragon\\www\\laboratory3\\public\\index.php')
CRITICAL - 2023-10-01 17:05:16 --> syntax error, unexpected token "return"
in APPPATH\Controllers\MainController.php on line 54.
 1 SYSTEMPATH\Autoloader\Autoloader.php(285): CodeIgniter\Autoloader\Autoloader->includeFile('D:\\laragon\\www\\laboratory3\\app\\Controllers\\MainController.php')
 2 SYSTEMPATH\Autoloader\Autoloader.php(263): CodeIgniter\Autoloader\Autoloader->loadInNamespace('App\\Controllers\\MainController')
 3 [internal function]: CodeIgniter\Autoloader\Autoloader->loadClass('App\\Controllers\\MainController')
 4 SYSTEMPATH\CodeIgniter.php(877): class_exists('\\App\\Controllers\\MainController', true)
 5 SYSTEMPATH\CodeIgniter.php(481): CodeIgniter\CodeIgniter->startController()
 6 SYSTEMPATH\CodeIgniter.php(353): CodeIgniter\CodeIgniter->handleRequest(null, Object(Config\Cache), false)
 7 FCPATH\index.php(79): CodeIgniter\CodeIgniter->run()
 8 SYSTEMPATH\Commands\Server\rewrite.php(47): require_once('D:\\laragon\\www\\laboratory3\\public\\index.php')
CRITICAL - 2023-10-01 17:05:32 --> syntax error, unexpected token "return"
in APPPATH\Controllers\MainController.php on line 55.
 1 SYSTEMPATH\Autoloader\Autoloader.php(285): CodeIgniter\Autoloader\Autoloader->includeFile('D:\\laragon\\www\\laboratory3\\app\\Controllers\\MainController.php')
 2 SYSTEMPATH\Autoloader\Autoloader.php(263): CodeIgniter\Autoloader\Autoloader->loadInNamespace('App\\Controllers\\MainController')
 3 [internal function]: CodeIgniter\Autoloader\Autoloader->loadClass('App\\Controllers\\MainController')
 4 SYSTEMPATH\CodeIgniter.php(877): class_exists('\\App\\Controllers\\MainController', true)
 5 SYSTEMPATH\CodeIgniter.php(481): CodeIgniter\CodeIgniter->startController()
 6 SYSTEMPATH\CodeIgniter.php(353): CodeIgniter\CodeIgniter->handleRequest(null, Object(Config\Cache), false)
 7 FCPATH\index.php(79): CodeIgniter\CodeIgniter->run()
 8 SYSTEMPATH\Commands\Server\rewrite.php(47): require_once('D:\\laragon\\www\\laboratory3\\public\\index.php')
CRITICAL - 2023-10-01 17:05:32 --> syntax error, unexpected token "return"
in APPPATH\Controllers\MainController.php on line 55.
 1 SYSTEMPATH\Autoloader\Autoloader.php(285): CodeIgniter\Autoloader\Autoloader->includeFile('D:\\laragon\\www\\laboratory3\\app\\Controllers\\MainController.php')
 2 SYSTEMPATH\Autoloader\Autoloader.php(263): CodeIgniter\Autoloader\Autoloader->loadInNamespace('App\\Controllers\\MainController')
 3 [internal function]: CodeIgniter\Autoloader\Autoloader->loadClass('App\\Controllers\\MainController')
 4 SYSTEMPATH\CodeIgniter.php(877): class_exists('\\App\\Controllers\\MainController', true)
 5 SYSTEMPATH\CodeIgniter.php(481): CodeIgniter\CodeIgniter->startController()
 6 SYSTEMPATH\CodeIgniter.php(353): CodeIgniter\CodeIgniter->handleRequest(null, Object(Config\Cache), false)
 7 FCPATH\index.php(79): CodeIgniter\CodeIgniter->run()
 8 SYSTEMPATH\Commands\Server\rewrite.php(47): require_once('D:\\laragon\\www\\laboratory3\\public\\index.php')
