CRITICAL - 2023-09-30 13:00:15 --> Maximum execution time of 60 seconds exceeded
in SYSTEMPATH\View\View.php on line 228.
 1 [internal function]: CodeIgniter\Debug\Exceptions->shutdownHandler()
CRITICAL - 2023-09-30 14:24:43 --> Undefined property: CodeIgniter\View\View::$load
in APPPATH\Views\include\header.php on line 33.
 1 APPPATH\Views\include\header.php(33): CodeIgniter\Debug\Exceptions->errorHandler(2, 'Undefined property: CodeIgniter\\View\\View::$load', 'D:\\laragon\\www\\laboratory3\\app\\Views\\include\\header.php', 33)
 2 SYSTEMPATH\View\View.php(226): include('D:\\laragon\\www\\laboratory3\\app\\Views\\include\\header.php')
 3 SYSTEMPATH\View\View.php(229): CodeIgniter\View\View->CodeIgniter\View\{closure}()
 4 SYSTEMPATH\View\View.php(467): CodeIgniter\View\View->render('include/header', null, true)
 5 APPPATH\Views\index.php(2): CodeIgniter\View\View->include('include/header')
 6 SYSTEMPATH\View\View.php(226): include('D:\\laragon\\www\\laboratory3\\app\\Views\\index.php')
 7 SYSTEMPATH\View\View.php(229): CodeIgniter\View\View->CodeIgniter\View\{closure}()
 8 SYSTEMPATH\Common.php(1188): CodeIgniter\View\View->render('index', [], true)
 9 APPPATH\Controllers\MainController.php(11): view('index')
10 SYSTEMPATH\CodeIgniter.php(919): App\Controllers\MainController->test()
11 SYSTEMPATH\CodeIgniter.php(494): CodeIgniter\CodeIgniter->runController(Object(App\Controllers\MainController))
12 SYSTEMPATH\CodeIgniter.php(353): CodeIgniter\CodeIgniter->handleRequest(null, Object(Config\Cache), false)
13 FCPATH\index.php(79): CodeIgniter\CodeIgniter->run()
14 SYSTEMPATH\Commands\Server\rewrite.php(47): require_once('D:\\laragon\\www\\laboratory3\\public\\index.php')
CRITICAL - 2023-09-30 14:24:45 --> Undefined property: CodeIgniter\View\View::$load
in APPPATH\Views\include\header.php on line 33.
 1 APPPATH\Views\include\header.php(33): CodeIgniter\Debug\Exceptions->errorHandler(2, 'Undefined property: CodeIgniter\\View\\View::$load', 'D:\\laragon\\www\\laboratory3\\app\\Views\\include\\header.php', 33)
 2 SYSTEMPATH\View\View.php(226): include('D:\\laragon\\www\\laboratory3\\app\\Views\\include\\header.php')
 3 SYSTEMPATH\View\View.php(229): CodeIgniter\View\View->CodeIgniter\View\{closure}()
 4 SYSTEMPATH\View\View.php(467): CodeIgniter\View\View->render('include/header', null, true)
 5 APPPATH\Views\index.php(2): CodeIgniter\View\View->include('include/header')
 6 SYSTEMPATH\View\View.php(226): include('D:\\laragon\\www\\laboratory3\\app\\Views\\index.php')
 7 SYSTEMPATH\View\View.php(229): CodeIgniter\View\View->CodeIgniter\View\{closure}()
 8 SYSTEMPATH\Common.php(1188): CodeIgniter\View\View->render('index', [], true)
 9 APPPATH\Controllers\MainController.php(11): view('index')
10 SYSTEMPATH\CodeIgniter.php(919): App\Controllers\MainController->test()
11 SYSTEMPATH\CodeIgniter.php(494): CodeIgniter\CodeIgniter->runController(Object(App\Controllers\MainController))
12 SYSTEMPATH\CodeIgniter.php(353): CodeIgniter\CodeIgniter->handleRequest(null, Object(Config\Cache), false)
13 FCPATH\index.php(79): CodeIgniter\CodeIgniter->run()
14 SYSTEMPATH\Commands\Server\rewrite.php(47): require_once('D:\\laragon\\www\\laboratory3\\public\\index.php')
CRITICAL - 2023-09-30 14:24:45 --> Undefined property: CodeIgniter\View\View::$load
in APPPATH\Views\include\header.php on line 33.
 1 APPPATH\Views\include\header.php(33): CodeIgniter\Debug\Exceptions->errorHandler(2, 'Undefined property: CodeIgniter\\View\\View::$load', 'D:\\laragon\\www\\laboratory3\\app\\Views\\include\\header.php', 33)
 2 SYSTEMPATH\View\View.php(226): include('D:\\laragon\\www\\laboratory3\\app\\Views\\include\\header.php')
 3 SYSTEMPATH\View\View.php(229): CodeIgniter\View\View->CodeIgniter\View\{closure}()
 4 SYSTEMPATH\View\View.php(467): CodeIgniter\View\View->render('include/header', null, true)
 5 APPPATH\Views\index.php(2): CodeIgniter\View\View->include('include/header')
 6 SYSTEMPATH\View\View.php(226): include('D:\\laragon\\www\\laboratory3\\app\\Views\\index.php')
 7 SYSTEMPATH\View\View.php(229): CodeIgniter\View\View->CodeIgniter\View\{closure}()
 8 SYSTEMPATH\Common.php(1188): CodeIgniter\View\View->render('index', [], true)
 9 APPPATH\Controllers\MainController.php(11): view('index')
10 SYSTEMPATH\CodeIgniter.php(919): App\Controllers\MainController->test()
11 SYSTEMPATH\CodeIgniter.php(494): CodeIgniter\CodeIgniter->runController(Object(App\Controllers\MainController))
12 SYSTEMPATH\CodeIgniter.php(353): CodeIgniter\CodeIgniter->handleRequest(null, Object(Config\Cache), false)
13 FCPATH\index.php(79): CodeIgniter\CodeIgniter->run()
14 SYSTEMPATH\Commands\Server\rewrite.php(47): require_once('D:\\laragon\\www\\laboratory3\\public\\index.php')
CRITICAL - 2023-09-30 14:25:06 --> Undefined property: CodeIgniter\View\View::$load
in APPPATH\Views\include\header.php on line 33.
 1 APPPATH\Views\include\header.php(33): CodeIgniter\Debug\Exceptions->errorHandler(2, 'Undefined property: CodeIgniter\\View\\View::$load', 'D:\\laragon\\www\\laboratory3\\app\\Views\\include\\header.php', 33)
 2 SYSTEMPATH\View\View.php(226): include('D:\\laragon\\www\\laboratory3\\app\\Views\\include\\header.php')
 3 SYSTEMPATH\View\View.php(229): CodeIgniter\View\View->CodeIgniter\View\{closure}()
 4 SYSTEMPATH\View\View.php(467): CodeIgniter\View\View->render('include/header', null, true)
 5 APPPATH\Views\index.php(2): CodeIgniter\View\View->include('include/header')
 6 SYSTEMPATH\View\View.php(226): include('D:\\laragon\\www\\laboratory3\\app\\Views\\index.php')
 7 SYSTEMPATH\View\View.php(229): CodeIgniter\View\View->CodeIgniter\View\{closure}()
 8 SYSTEMPATH\Common.php(1188): CodeIgniter\View\View->render('index', [], true)
 9 APPPATH\Controllers\MainController.php(11): view('index')
10 SYSTEMPATH\CodeIgniter.php(919): App\Controllers\MainController->test()
11 SYSTEMPATH\CodeIgniter.php(494): CodeIgniter\CodeIgniter->runController(Object(App\Controllers\MainController))
12 SYSTEMPATH\CodeIgniter.php(353): CodeIgniter\CodeIgniter->handleRequest(null, Object(Config\Cache), false)
13 FCPATH\index.php(79): CodeIgniter\CodeIgniter->run()
14 SYSTEMPATH\Commands\Server\rewrite.php(47): require_once('D:\\laragon\\www\\laboratory3\\public\\index.php')
CRITICAL - 2023-09-30 14:33:08 --> Invalid file: "usersignup.php"
in SYSTEMPATH\Exceptions\FrameworkException.php on line 39.
 1 SYSTEMPATH\View\View.php(214): CodeIgniter\Exceptions\FrameworkException::forInvalidFile('usersignup.php')
 2 SYSTEMPATH\Common.php(1188): CodeIgniter\View\View->render('usersignup', [], true)
 3 APPPATH\Controllers\MainController.php(12): view('usersignup')
 4 SYSTEMPATH\CodeIgniter.php(919): App\Controllers\MainController->test()
 5 SYSTEMPATH\CodeIgniter.php(494): CodeIgniter\CodeIgniter->runController(Object(App\Controllers\MainController))
 6 SYSTEMPATH\CodeIgniter.php(353): CodeIgniter\CodeIgniter->handleRequest(null, Object(Config\Cache), false)
 7 FCPATH\index.php(79): CodeIgniter\CodeIgniter->run()
 8 SYSTEMPATH\Commands\Server\rewrite.php(47): require_once('D:\\laragon\\www\\laboratory3\\public\\index.php')
CRITICAL - 2023-09-30 14:33:43 --> Invalid file: "usersignup.php"
in SYSTEMPATH\Exceptions\FrameworkException.php on line 39.
 1 SYSTEMPATH\View\View.php(214): CodeIgniter\Exceptions\FrameworkException::forInvalidFile('usersignup.php')
 2 SYSTEMPATH\Common.php(1188): CodeIgniter\View\View->render('usersignup', [], true)
 3 APPPATH\Controllers\MainController.php(12): view('usersignup')
 4 SYSTEMPATH\CodeIgniter.php(919): App\Controllers\MainController->test()
 5 SYSTEMPATH\CodeIgniter.php(494): CodeIgniter\CodeIgniter->runController(Object(App\Controllers\MainController))
 6 SYSTEMPATH\CodeIgniter.php(353): CodeIgniter\CodeIgniter->handleRequest(null, Object(Config\Cache), false)
 7 FCPATH\index.php(79): CodeIgniter\CodeIgniter->run()
 8 SYSTEMPATH\Commands\Server\rewrite.php(47): require_once('D:\\laragon\\www\\laboratory3\\public\\index.php')
CRITICAL - 2023-09-30 14:33:45 --> Invalid file: "usersignup.php"
in SYSTEMPATH\Exceptions\FrameworkException.php on line 39.
 1 SYSTEMPATH\View\View.php(214): CodeIgniter\Exceptions\FrameworkException::forInvalidFile('usersignup.php')
 2 SYSTEMPATH\Common.php(1188): CodeIgniter\View\View->render('usersignup', [], true)
 3 APPPATH\Controllers\MainController.php(12): view('usersignup')
 4 SYSTEMPATH\CodeIgniter.php(919): App\Controllers\MainController->test()
 5 SYSTEMPATH\CodeIgniter.php(494): CodeIgniter\CodeIgniter->runController(Object(App\Controllers\MainController))
 6 SYSTEMPATH\CodeIgniter.php(353): CodeIgniter\CodeIgniter->handleRequest(null, Object(Config\Cache), false)
 7 FCPATH\index.php(79): CodeIgniter\CodeIgniter->run()
 8 SYSTEMPATH\Commands\Server\rewrite.php(47): require_once('D:\\laragon\\www\\laboratory3\\public\\index.php')
CRITICAL - 2023-09-30 14:48:51 --> Undefined variable $data
in APPPATH\Controllers\MainController.php on line 13.
 1 APPPATH\Controllers\MainController.php(13): CodeIgniter\Debug\Exceptions->errorHandler(2, 'Undefined variable $data', 'D:\\laragon\\www\\laboratory3\\app\\Controllers\\MainController.php', 13)
 2 SYSTEMPATH\CodeIgniter.php(919): App\Controllers\MainController->test()
 3 SYSTEMPATH\CodeIgniter.php(494): CodeIgniter\CodeIgniter->runController(Object(App\Controllers\MainController))
 4 SYSTEMPATH\CodeIgniter.php(353): CodeIgniter\CodeIgniter->handleRequest(null, Object(Config\Cache), false)
 5 FCPATH\index.php(79): CodeIgniter\CodeIgniter->run()
 6 SYSTEMPATH\Commands\Server\rewrite.php(47): require_once('D:\\laragon\\www\\laboratory3\\public\\index.php')
CRITICAL - 2023-09-30 15:12:15 --> Invalid file: "login.php"
in SYSTEMPATH\Exceptions\FrameworkException.php on line 39.
 1 SYSTEMPATH\View\View.php(214): CodeIgniter\Exceptions\FrameworkException::forInvalidFile('login.php')
 2 SYSTEMPATH\Common.php(1188): CodeIgniter\View\View->render('login', [], true)
 3 APPPATH\Controllers\MainController.php(12): view('login')
 4 SYSTEMPATH\CodeIgniter.php(919): App\Controllers\MainController->showLoginForm()
 5 SYSTEMPATH\CodeIgniter.php(494): CodeIgniter\CodeIgniter->runController(Object(App\Controllers\MainController))
 6 SYSTEMPATH\CodeIgniter.php(353): CodeIgniter\CodeIgniter->handleRequest(null, Object(Config\Cache), false)
 7 FCPATH\index.php(79): CodeIgniter\CodeIgniter->run()
 8 SYSTEMPATH\Commands\Server\rewrite.php(47): require_once('D:\\laragon\\www\\laboratory3\\public\\index.php')
